Log file open, 02/23/22 17:10:48
LogWindows: Failed to load 'aqProf.dll' (GetLastError=126)
LogWindows: File 'aqProf.dll' does not exist
LogWindows: Failed to load 'VtuneApi.dll' (GetLastError=126)
LogWindows: File 'VtuneApi.dll' does not exist
LogWindows: Failed to load 'VtuneApi32e.dll' (GetLastError=126)
LogWindows: File 'VtuneApi32e.dll' does not exist
LogConsoleResponse: Display: Failed to find resolution value strings in scalability ini. Falling back to default.
LogConsoleResponse: Display: Failed to find resolution value strings in scalability ini. Falling back to default.
LogInit: Display: Running engine for game: Mario_Diogo
LogPlatformFile: Not using cached read wrapper
LogTaskGraph: Started task graph with 5 named threads and 47 total threads with 3 sets of task threads.
LogStats: Stats thread started at 0.177647
LogICUInternationalization: ICU TimeZone Detection - Raw Offset: +1:00, Platform Override: ''
LogInit: Display: Loading text-based GConfig....
LogPluginManager: Mounting plugin MeshPainting
LogPluginManager: Mounting plugin XGEController
LogPluginManager: Mounting plugin Paper2D
LogPluginManager: Mounting plugin AISupport
LogPluginManager: Mounting plugin EnvironmentQueryEditor
LogPluginManager: Mounting plugin LightPropagationVolume
LogPluginManager: Mounting plugin LiveLink
LogPluginManager: Mounting plugin OodleNetwork
LogPluginManager: Mounting plugin OodleData
LogPluginManager: Mounting plugin CodeLiteSourceCodeAccess
LogPluginManager: Mounting plugin AnimationSharing
LogPluginManager: Mounting plugin CLionSourceCodeAccess
LogPluginManager: Mounting plugin GitSourceControl
LogPluginManager: Mounting plugin NullSourceCodeAccess
LogPluginManager: Mounting plugin KDevelopSourceCodeAccess
LogPluginManager: Mounting plugin PerforceSourceControl
LogPluginManager: Mounting plugin PlasticSourceControl
LogPluginManager: Mounting plugin PluginUtils
LogPluginManager: Mounting plugin PixWinPlugin
LogPluginManager: Mounting plugin PropertyAccessNode
LogPluginManager: Mounting plugin RiderSourceCodeAccess
LogPluginManager: Mounting plugin SubversionSourceControl
LogPluginManager: Mounting plugin TextureFormatOodle
LogPluginManager: Mounting plugin UObjectPlugin
LogPluginManager: Mounting plugin VisualStudioCodeSourceCodeAccess
LogPluginManager: Mounting plugin VisualStudioSourceCodeAccess
LogPluginManager: Mounting plugin XCodeSourceCodeAccess
LogPluginManager: Mounting plugin AssetManagerEditor
LogPluginManager: Mounting plugin CryptoKeys
LogPluginManager: Mounting plugin DataValidation
LogPluginManager: Mounting plugin CurveEditorTools
LogPluginManager: Mounting plugin FacialAnimation
LogPluginManager: Mounting plugin GeometryMode
LogPluginManager: Mounting plugin GameplayTagsEditor
LogPluginManager: Mounting plugin MacGraphicsSwitching
LogPluginManager: Mounting plugin MaterialAnalyzer
LogPluginManager: Mounting plugin MobileLauncherProfileWizard
LogPluginManager: Mounting plugin PluginBrowser
LogPluginManager: Mounting plugin SpeedTreeImporter
LogPluginManager: Mounting plugin Niagara
LogPluginManager: Mounting plugin DatasmithContent
LogPluginManager: Mounting plugin VariantManagerContent
LogPluginManager: Mounting plugin AlembicImporter
LogPluginManager: Mounting plugin BackChannel
LogPluginManager: Mounting plugin ChaosCloth
LogPluginManager: Mounting plugin AutomationUtils
LogPluginManager: Mounting plugin ChaosClothEditor
LogPluginManager: Mounting plugin ChaosEditor
LogPluginManager: Mounting plugin ChaosNiagara
LogPluginManager: Mounting plugin ChaosSolverPlugin
LogPluginManager: Mounting plugin CharacterAI
LogPluginManager: Mounting plugin GeometryCache
LogPluginManager: Mounting plugin GeometryCollectionPlugin
LogPluginManager: Mounting plugin LuminPlatformFeatures
LogPluginManager: Mounting plugin MagicLeap
LogPluginManager: Mounting plugin MagicLeapLightEstimation
LogPluginManager: Mounting plugin MagicLeapMedia
LogPluginManager: Mounting plugin MagicLeapPassableWorld
LogPluginManager: Mounting plugin GeometryProcessing
LogPluginManager: Mounting plugin TcpMessaging
LogPluginManager: Mounting plugin UdpMessaging
LogPluginManager: Mounting plugin MLSDK
LogPluginManager: Mounting plugin AndroidMedia
LogPluginManager: Mounting plugin AvfMedia
LogPluginManager: Mounting plugin ImgMedia
LogPluginManager: Mounting plugin MediaCompositing
LogPluginManager: Mounting plugin MotoSynth
LogPluginManager: Mounting plugin OpenImageDenoise
LogPluginManager: Mounting plugin MediaPlayerEditor
LogPluginManager: Mounting plugin PlanarCut
LogPluginManager: Mounting plugin ProxyLODPlugin
LogPluginManager: Mounting plugin PlatformCrypto
LogPluginManager: Mounting plugin PythonScriptPlugin
LogPluginManager: Mounting plugin WebMMedia
LogPluginManager: Mounting plugin WmfMedia
LogPluginManager: Mounting plugin SkeletalReduction
LogPluginManager: Mounting plugin ActorSequence
LogPluginManager: Mounting plugin LevelSequenceEditor
LogPluginManager: Mounting plugin MatineeToLevelSequence
LogPluginManager: Mounting plugin TemplateSequence
LogPluginManager: Mounting plugin LauncherChunkInstaller
LogPluginManager: Mounting plugin OnlineSubsystem
LogPluginManager: Mounting plugin ActorLayerUtilities
LogPluginManager: Mounting plugin OnlineSubsystemNull
LogPluginManager: Mounting plugin OnlineSubsystemUtils
LogPluginManager: Mounting plugin AndroidDeviceProfileSelector
LogPluginManager: Mounting plugin AndroidMoviePlayer
LogPluginManager: Mounting plugin AndroidPermission
LogPluginManager: Mounting plugin AppleImageUtils
LogPluginManager: Mounting plugin AppleMoviePlayer
LogPluginManager: Mounting plugin ArchVisCharacter
LogPluginManager: Mounting plugin AssetTags
LogPluginManager: Mounting plugin AudioCapture
LogPluginManager: Mounting plugin AudioSynesthesia
LogPluginManager: Mounting plugin CableComponent
LogPluginManager: Mounting plugin ChunkDownloader
LogPluginManager: Mounting plugin CustomMeshComponent
LogPluginManager: Mounting plugin EditableMesh
LogPluginManager: Mounting plugin ExampleDeviceProfileSelector
LogPluginManager: Mounting plugin GoogleCloudMessaging
LogPluginManager: Mounting plugin GooglePAD
LogPluginManager: Mounting plugin ScreenshotTools
LogPluginManager: Mounting plugin IOSDeviceProfileSelector
LogPluginManager: Mounting plugin LinuxDeviceProfileSelector
LogPluginManager: Mounting plugin LocationServicesBPLibrary
LogPluginManager: Mounting plugin MobilePatchingUtils
LogPluginManager: Mounting plugin OpenXR
LogPluginManager: Mounting plugin OpenXREyeTracker
LogPluginManager: Mounting plugin OpenXRHandTracking
LogPluginManager: Mounting plugin PhysXVehicles
LogPluginManager: Mounting plugin Takes
LogPluginManager: Mounting plugin PostSplashScreen
LogPluginManager: Mounting plugin ProceduralMeshComponent
LogPluginManager: Mounting plugin PropertyAccessEditor
LogPluginManager: Mounting plugin RuntimePhysXCooking
LogPluginManager: Mounting plugin SignificanceManager
LogPluginManager: Mounting plugin SoundFields
LogPluginManager: Mounting plugin Synthesis
LogPluginManager: Mounting plugin WebMMoviePlayer
LogPluginManager: Mounting plugin WindowsMoviePlayer
LogPluginManager: Mounting plugin CameraShakePreviewer
LogPluginManager: Mounting plugin GameplayCameras
LogPluginManager: Mounting plugin ContentBrowserFileDataSource
LogPluginManager: Mounting plugin ContentBrowserClassDataSource
LogPluginManager: Mounting plugin ContentBrowserAssetDataSource
LogPluginManager: Mounting plugin OnlineSubsystemGooglePlay
LogPluginManager: Mounting plugin OnlineSubsystemIOS
LogPluginManager: Mounting plugin OculusVR
LogPluginManager: Mounting plugin SteamVR
PixWinPlugin: PIX capture plugin failed to initialize! Check that the process is launched from PIX.
LogInit: Using libcurl 7.55.1-DEV
LogInit:  - built for x86_64-pc-win32
LogInit:  - supports SSL with OpenSSL/1.1.1
LogInit:  - supports HTTP deflate (compression) using libz 1.2.8
LogInit:  - other features:
LogInit:      CURL_VERSION_SSL
LogInit:      CURL_VERSION_LIBZ
LogInit:      CURL_VERSION_IPV6
LogInit:      CURL_VERSION_ASYNCHDNS
LogInit:      CURL_VERSION_LARGEFILE
LogInit:      CURL_VERSION_IDN
LogInit:  CurlRequestOptions (configurable via config and command line):
LogInit:  - bVerifyPeer = true  - Libcurl will verify peer certificate
LogInit:  - bUseHttpProxy = false  - Libcurl will NOT use HTTP proxy
LogInit:  - bDontReuseConnections = false  - Libcurl will reuse connections
LogInit:  - MaxHostConnections = 16  - Libcurl will limit the number of connections to a host
LogInit:  - LocalHostAddr = Default
LogInit:  - BufferSize = 65536
LogOnline: OSS: Creating online subsystem instance for: NULL
LogInit: WinSock: version 1.1 (2.2), MaxSocks=32767, MaxUdp=65467
LogOnline: OSS: TryLoadSubsystemAndSetDefault: Loaded subsystem for module [NULL]
LogOculusPluginWrapper: OculusPlugin initialized successfully
LogHMD: FOculusHMDModule PreInit successfully
LogInit: Build: ++UE4+Release-4.27-CL-18319896
LogInit: Engine Version: 4.27.2-18319896+++UE4+Release-4.27
LogInit: Compatible Engine Version: 4.27.0-17155196+++UE4+Release-4.27
LogInit: Net CL: 17155196
LogInit: OS: Windows 10 (Release 2009) (), CPU: Intel(R) Core(TM) i7-10700K CPU @ 3.80GHz, GPU: NVIDIA GeForce RTX 2080 SUPER
LogInit: Compiled (64-bit): Nov 30 2021 07:12:08
LogInit: Compiled with Visual C++: 19.24.28315.00
LogInit: Build Configuration: Development
LogInit: Branch Name: ++UE4+Release-4.27
LogInit: Command Line:  /Game/NewMap -game -PIEVIACONSOLE -Multiprocess GameUserSettingsINI=C:/Users/diogo/Documents/GitHub/GameDesign/Mario_Diogo/Saved/Config/Windows/PIEGameUserSettings0.ini -MultiprocessSaveConfig -forcepassthrough -messaging -SessionName="Play in Standalone Game" -windowed -WinX=640 -WinY=384 SAVEWINPOS=1 -ResX=1280 -ResY=720
LogInit: Base Directory: C:/Users/diogo/Documents/UE_4.27/Engine/Binaries/Win64/
LogInit: Allocator: TBB
LogInit: Installed Engine Build: 1
LogDevObjectVersion: Number of dev versions registered: 29
LogDevObjectVersion:   Dev-Blueprints (B0D832E4-1F89-4F0D-ACCF-7EB736FD4AA2): 10
LogDevObjectVersion:   Dev-Build (E1C64328-A22C-4D53-A36C-8E866417BD8C): 0
LogDevObjectVersion:   Dev-Core (375EC13C-06E4-48FB-B500-84F0262A717E): 4
LogDevObjectVersion:   Dev-Editor (E4B068ED-F494-42E9-A231-DA0B2E46BB41): 40
LogDevObjectVersion:   Dev-Framework (CFFC743F-43B0-4480-9391-14DF171D2073): 37
LogDevObjectVersion:   Dev-Mobile (B02B49B5-BB20-44E9-A304-32B752E40360): 3
LogDevObjectVersion:   Dev-Networking (A4E4105C-59A1-49B5-A7C5-40C4547EDFEE): 0
LogDevObjectVersion:   Dev-Online (39C831C9-5AE6-47DC-9A44-9C173E1C8E7C): 0
LogDevObjectVersion:   Dev-Physics (78F01B33-EBEA-4F98-B9B4-84EACCB95AA2): 14
LogDevObjectVersion:   Dev-Platform (6631380F-2D4D-43E0-8009-CF276956A95A): 0
LogDevObjectVersion:   Dev-Rendering (12F88B9F-8875-4AFC-A67C-D90C383ABD29): 45
LogDevObjectVersion:   Dev-Sequencer (7B5AE74C-D270-4C10-A958-57980B212A5A): 13
LogDevObjectVersion:   Dev-VR (D7296918-1DD6-4BDD-9DE2-64A83CC13884): 3
LogDevObjectVersion:   Dev-LoadTimes (C2A15278-BFE7-4AFE-6C17-90FF531DF755): 1
LogDevObjectVersion:   Private-Geometry (6EACA3D4-40EC-4CC1-B786-8BED09428FC5): 3
LogDevObjectVersion:   Dev-AnimPhys (29E575DD-E0A3-4627-9D10-D276232CDCEA): 17
LogDevObjectVersion:   Dev-Anim (AF43A65D-7FD3-4947-9873-3E8ED9C1BB05): 15
LogDevObjectVersion:   Dev-ReflectionCapture (6B266CEC-1EC7-4B8F-A30B-E4D90942FC07): 1
LogDevObjectVersion:   Dev-Automation (0DF73D61-A23F-47EA-B727-89E90C41499A): 1
LogDevObjectVersion:   FortniteMain (601D1886-AC64-4F84-AA16-D3DE0DEAC7D6): 47
LogDevObjectVersion:   FortniteRelease (E7086368-6B23-4C58-8439-1B7016265E91): 1
LogDevObjectVersion:   Dev-Enterprise (9DFFBCD6-494F-0158-E221-12823C92A888): 10
LogDevObjectVersion:   Dev-Niagara (F2AED0AC-9AFE-416F-8664-AA7FFA26D6FC): 1
LogDevObjectVersion:   Dev-Destruction (174F1F0B-B4C6-45A5-B13F-2EE8D0FB917D): 10
LogDevObjectVersion:   Dev-Physics-Ext (35F94A83-E258-406C-A318-09F59610247C): 41
LogDevObjectVersion:   Dev-PhysicsMaterial-Chaos (B68FC16E-8B1B-42E2-B453-215C058844FE): 1
LogDevObjectVersion:   Dev-CineCamera (B2E18506-4273-CFC2-A54E-F4BB758BBA07): 1
LogDevObjectVersion:   Dev-VirtualProduction (64F58936-FD1B-42BA-BA96-7289D5D0FA4E): 1
LogDevObjectVersion:   Dev-MediaFramework (6F0ED827-A609-4895-9C91-998D90180EA4): 2
LogInit: Presizing for max 25165824 objects, including 0 objects not considered by GC, pre-allocating 0 bytes for permanent pool.
LogConfig: Applying CVar settings from Section [/Script/Engine.StreamingSettings] File [C:/Users/diogo/Documents/GitHub/GameDesign/Mario_Diogo/Saved/Config/Windows/Engine.ini]
LogConfig: Setting CVar [[s.MinBulkDataSizeForAsyncLoading:131072]]
LogConfig: Setting CVar [[s.AsyncLoadingThreadEnabled:0]]
LogConfig: Setting CVar [[s.EventDrivenLoaderEnabled:1]]
LogConfig: Setting CVar [[s.WarnIfTimeLimitExceeded:0]]
LogConfig: Setting CVar [[s.TimeLimitExceededMultiplier:1.5]]
LogConfig: Setting CVar [[s.TimeLimitExceededMinTime:0.005]]
LogConfig: Setting CVar [[s.UseBackgroundLevelStreaming:1]]
LogConfig: Setting CVar [[s.PriorityAsyncLoadingExtraTime:15.0]]
LogConfig: Setting CVar [[s.LevelStreamingActorsUpdateTimeLimit:5.0]]
LogConfig: Setting CVar [[s.PriorityLevelStreamingActorsUpdateExtraTime:5.0]]
LogConfig: Setting CVar [[s.LevelStreamingComponentsRegistrationGranularity:10]]
LogConfig: Setting CVar [[s.UnregisterComponentsTimeLimit:1.0]]
LogConfig: Setting CVar [[s.LevelStreamingComponentsUnregistrationGranularity:5]]
LogConfig: Setting CVar [[s.FlushStreamingOnExit:1]]
LogInit: Object subsystem initialized
LogConfig: Setting CVar [[con.DebugEarlyDefault:1]]
LogConfig: Setting CVar [[r.setres:1280x720]]
[2022.02.23-16.10.48:822][  0]LogConfig: Setting CVar [[con.DebugEarlyDefault:1]]
[2022.02.23-16.10.48:822][  0]LogConfig: Setting CVar [[r.setres:1280x720]]
[2022.02.23-16.10.48:822][  0]LogConfig: Applying CVar settings from Section [/Script/Engine.RendererSettings] File [C:/Users/diogo/Documents/GitHub/GameDesign/Mario_Diogo/Saved/Config/Windows/Engine.ini]
[2022.02.23-16.10.48:822][  0]LogConfig: Setting CVar [[r.GPUCrashDebugging:0]]
[2022.02.23-16.10.48:822][  0]LogConfig: Applying CVar settings from Section [/Script/Engine.RendererOverrideSettings] File [C:/Users/diogo/Documents/GitHub/GameDesign/Mario_Diogo/Saved/Config/Windows/Engine.ini]
[2022.02.23-16.10.48:822][  0]LogConfig: Applying CVar settings from Section [/Script/Engine.StreamingSettings] File [C:/Users/diogo/Documents/GitHub/GameDesign/Mario_Diogo/Saved/Config/Windows/Engine.ini]
[2022.02.23-16.10.48:822][  0]LogConfig: Setting CVar [[s.MinBulkDataSizeForAsyncLoading:131072]]
[2022.02.23-16.10.48:822][  0]LogConfig: Setting CVar [[s.AsyncLoadingThreadEnabled:0]]
[2022.02.23-16.10.48:822][  0]LogConfig: Setting CVar [[s.EventDrivenLoaderEnabled:1]]
[2022.02.23-16.10.48:822][  0]LogConfig: Setting CVar [[s.WarnIfTimeLimitExceeded:0]]
[2022.02.23-16.10.48:822][  0]LogConfig: Setting CVar [[s.TimeLimitExceededMultiplier:1.5]]
[2022.02.23-16.10.48:822][  0]LogConfig: Setting CVar [[s.TimeLimitExceededMinTime:0.005]]
[2022.02.23-16.10.48:822][  0]LogConfig: Setting CVar [[s.UseBackgroundLevelStreaming:1]]
[2022.02.23-16.10.48:822][  0]LogConfig: Setting CVar [[s.PriorityAsyncLoadingExtraTime:15.0]]
[2022.02.23-16.10.48:822][  0]LogConfig: Setting CVar [[s.LevelStreamingActorsUpdateTimeLimit:5.0]]
[2022.02.23-16.10.48:822][  0]LogConfig: Setting CVar [[s.PriorityLevelStreamingActorsUpdateExtraTime:5.0]]
[2022.02.23-16.10.48:822][  0]LogConfig: Setting CVar [[s.LevelStreamingComponentsRegistrationGranularity:10]]
[2022.02.23-16.10.48:822][  0]LogConfig: Setting CVar [[s.UnregisterComponentsTimeLimit:1.0]]
[2022.02.23-16.10.48:822][  0]LogConfig: Setting CVar [[s.LevelStreamingComponentsUnregistrationGranularity:5]]
[2022.02.23-16.10.48:822][  0]LogConfig: Setting CVar [[s.FlushStreamingOnExit:1]]
[2022.02.23-16.10.48:822][  0]LogConfig: Applying CVar settings from Section [/Script/Engine.GarbageCollectionSettings] File [C:/Users/diogo/Documents/GitHub/GameDesign/Mario_Diogo/Saved/Config/Windows/Engine.ini]
[2022.02.23-16.10.48:822][  0]LogConfig: Setting CVar [[gc.MaxObjectsNotConsideredByGC:1]]
[2022.02.23-16.10.48:822][  0]LogConfig: Setting CVar [[gc.SizeOfPermanentObjectPool:0]]
[2022.02.23-16.10.48:822][  0]LogConfig: Setting CVar [[gc.FlushStreamingOnGC:0]]
[2022.02.23-16.10.48:822][  0]LogConfig: Setting CVar [[gc.NumRetriesBeforeForcingGC:10]]
[2022.02.23-16.10.48:822][  0]LogConfig: Setting CVar [[gc.AllowParallelGC:1]]
[2022.02.23-16.10.48:822][  0]LogConfig: Setting CVar [[gc.TimeBetweenPurgingPendingKillObjects:61.1]]
[2022.02.23-16.10.48:822][  0]LogConfig: Setting CVar [[gc.MaxObjectsInEditor:25165824]]
[2022.02.23-16.10.48:822][  0]LogConfig: Setting CVar [[gc.IncrementalBeginDestroyEnabled:1]]
[2022.02.23-16.10.48:822][  0]LogConfig: Setting CVar [[gc.CreateGCClusters:1]]
[2022.02.23-16.10.48:822][  0]LogConfig: Setting CVar [[gc.MinGCClusterSize:5]]
[2022.02.23-16.10.48:823][  0]LogConfig: Setting CVar [[gc.ActorClusteringEnabled:0]]
[2022.02.23-16.10.48:823][  0]LogConfig: Setting CVar [[gc.BlueprintClusteringEnabled:0]]
[2022.02.23-16.10.48:823][  0]LogConfig: Setting CVar [[gc.UseDisregardForGCOnDedicatedServers:0]]
[2022.02.23-16.10.48:823][  0]LogConfig: Setting CVar [[gc.MultithreadedDestructionEnabled:1]]
[2022.02.23-16.10.48:823][  0]LogConfig: Applying CVar settings from Section [/Script/Engine.NetworkSettings] File [C:/Users/diogo/Documents/GitHub/GameDesign/Mario_Diogo/Saved/Config/Windows/Engine.ini]
[2022.02.23-16.10.48:823][  0]LogConfig: Applying CVar settings from Section [/Script/UnrealEd.CookerSettings] File [C:/Users/diogo/Documents/GitHub/GameDesign/Mario_Diogo/Saved/Config/Windows/Engine.ini]
[2022.02.23-16.10.48:827][  0]LogConfig: Applying CVar settings from Section [ViewDistanceQuality@3] File [C:/Users/diogo/Documents/GitHub/GameDesign/Mario_Diogo/Saved/Config/Windows/Scalability.ini]
[2022.02.23-16.10.48:827][  0]LogConfig: Setting CVar [[r.SkeletalMeshLODBias:0]]
[2022.02.23-16.10.48:827][  0]LogConfig: Setting CVar [[r.ViewDistanceScale:1.0]]
[2022.02.23-16.10.48:827][  0]LogConfig: Applying CVar settings from Section [AntiAliasingQuality@3] File [C:/Users/diogo/Documents/GitHub/GameDesign/Mario_Diogo/Saved/Config/Windows/Scalability.ini]
[2022.02.23-16.10.48:827][  0]LogConfig: Setting CVar [[r.PostProcessAAQuality:4]]
[2022.02.23-16.10.48:827][  0]LogConfig: Applying CVar settings from Section [ShadowQuality@3] File [C:/Users/diogo/Documents/GitHub/GameDesign/Mario_Diogo/Saved/Config/Windows/Scalability.ini]
[2022.02.23-16.10.48:827][  0]LogConfig: Setting CVar [[r.LightFunctionQuality:1]]
[2022.02.23-16.10.48:827][  0]LogConfig: Setting CVar [[r.ShadowQuality:5]]
[2022.02.23-16.10.48:827][  0]LogConfig: Setting CVar [[r.Shadow.CSM.MaxCascades:10]]
[2022.02.23-16.10.48:827][  0]LogConfig: Setting CVar [[r.Shadow.MaxResolution:2048]]
[2022.02.23-16.10.48:827][  0]LogConfig: Setting CVar [[r.Shadow.MaxCSMResolution:2048]]
[2022.02.23-16.10.48:827][  0]LogConfig: Setting CVar [[r.Shadow.RadiusThreshold:0.01]]
[2022.02.23-16.10.48:827][  0]LogConfig: Setting CVar [[r.Shadow.DistanceScale:1.0]]
[2022.02.23-16.10.48:827][  0]LogConfig: Setting CVar [[r.Shadow.CSM.TransitionScale:1.0]]
[2022.02.23-16.10.48:828][  0]LogConfig: Setting CVar [[r.Shadow.PreShadowResolutionFactor:1.0]]
[2022.02.23-16.10.48:828][  0]LogConfig: Setting CVar [[r.DistanceFieldShadowing:1]]
[2022.02.23-16.10.48:828][  0]LogConfig: Setting CVar [[r.DistanceFieldAO:1]]
[2022.02.23-16.10.48:828][  0]LogConfig: Setting CVar [[r.AOQuality:2]]
[2022.02.23-16.10.48:828][  0]LogConfig: Setting CVar [[r.VolumetricFog:1]]
[2022.02.23-16.10.48:828][  0]LogConfig: Setting CVar [[r.VolumetricFog.GridPixelSize:8]]
[2022.02.23-16.10.48:828][  0]LogConfig: Setting CVar [[r.VolumetricFog.GridSizeZ:128]]
[2022.02.23-16.10.48:828][  0]LogConfig: Setting CVar [[r.VolumetricFog.HistoryMissSupersampleCount:4]]
[2022.02.23-16.10.48:828][  0]LogConfig: Setting CVar [[r.LightMaxDrawDistanceScale:1]]
[2022.02.23-16.10.48:828][  0]LogConfig: Setting CVar [[r.CapsuleShadows:1]]
[2022.02.23-16.10.48:828][  0]LogConfig: Applying CVar settings from Section [PostProcessQuality@3] File [C:/Users/diogo/Documents/GitHub/GameDesign/Mario_Diogo/Saved/Config/Windows/Scalability.ini]
[2022.02.23-16.10.48:828][  0]LogConfig: Setting CVar [[r.MotionBlurQuality:4]]
[2022.02.23-16.10.48:828][  0]LogConfig: Setting CVar [[r.AmbientOcclusionMipLevelFactor:0.4]]
[2022.02.23-16.10.48:828][  0]LogConfig: Setting CVar [[r.AmbientOcclusionMaxQuality:100]]
[2022.02.23-16.10.48:828][  0]LogConfig: Setting CVar [[r.AmbientOcclusionLevels:-1]]
[2022.02.23-16.10.48:828][  0]LogConfig: Setting CVar [[r.AmbientOcclusionRadiusScale:1.0]]
[2022.02.23-16.10.48:828][  0]LogConfig: Setting CVar [[r.DepthOfFieldQuality:2]]
[2022.02.23-16.10.48:828][  0]LogConfig: Setting CVar [[r.RenderTargetPoolMin:400]]
[2022.02.23-16.10.48:828][  0]LogConfig: Setting CVar [[r.LensFlareQuality:2]]
[2022.02.23-16.10.48:828][  0]LogConfig: Setting CVar [[r.SceneColorFringeQuality:1]]
[2022.02.23-16.10.48:828][  0]LogConfig: Setting CVar [[r.EyeAdaptationQuality:2]]
[2022.02.23-16.10.48:828][  0]LogConfig: Setting CVar [[r.BloomQuality:5]]
[2022.02.23-16.10.48:828][  0]LogConfig: Setting CVar [[r.FastBlurThreshold:100]]
[2022.02.23-16.10.48:828][  0]LogConfig: Setting CVar [[r.Upscale.Quality:3]]
[2022.02.23-16.10.48:828][  0]LogConfig: Setting CVar [[r.Tonemapper.GrainQuantization:1]]
[2022.02.23-16.10.48:828][  0]LogConfig: Setting CVar [[r.LightShaftQuality:1]]
[2022.02.23-16.10.48:828][  0]LogConfig: Setting CVar [[r.Filter.SizeScale:1]]
[2022.02.23-16.10.48:828][  0]LogConfig: Setting CVar [[r.Tonemapper.Quality:5]]
[2022.02.23-16.10.48:828][  0]LogConfig: Setting CVar [[r.DOF.Gather.AccumulatorQuality:1        ; higher gathering accumulator quality]]
[2022.02.23-16.10.48:828][  0]LogConfig: Setting CVar [[r.DOF.Gather.PostfilterMethod:1          ; Median3x3 postfilering method]]
[2022.02.23-16.10.48:828][  0]LogConfig: Setting CVar [[r.DOF.Gather.EnableBokehSettings:0       ; no bokeh simulation when gathering]]
[2022.02.23-16.10.48:828][  0]LogConfig: Setting CVar [[r.DOF.Gather.RingCount:4                 ; medium number of samples when gathering]]
[2022.02.23-16.10.48:828][  0]LogConfig: Setting CVar [[r.DOF.Scatter.ForegroundCompositing:1    ; additive foreground scattering]]
[2022.02.23-16.10.48:828][  0]LogConfig: Setting CVar [[r.DOF.Scatter.BackgroundCompositing:2    ; additive background scattering]]
[2022.02.23-16.10.48:828][  0]LogConfig: Setting CVar [[r.DOF.Scatter.EnableBokehSettings:1      ; bokeh simulation when scattering]]
[2022.02.23-16.10.48:828][  0]LogConfig: Setting CVar [[r.DOF.Scatter.MaxSpriteRatio:0.1         ; only a maximum of 10% of scattered bokeh]]
[2022.02.23-16.10.48:828][  0]LogConfig: Setting CVar [[r.DOF.Recombine.Quality:1                ; cheap slight out of focus]]
[2022.02.23-16.10.48:828][  0]LogConfig: Setting CVar [[r.DOF.Recombine.EnableBokehSettings:0    ; no bokeh simulation on slight out of focus]]
[2022.02.23-16.10.48:828][  0]LogConfig: Setting CVar [[r.DOF.TemporalAAQuality:1                ; more stable temporal accumulation]]
[2022.02.23-16.10.48:828][  0]LogConfig: Setting CVar [[r.DOF.Kernel.MaxForegroundRadius:0.025]]
[2022.02.23-16.10.48:828][  0]LogConfig: Setting CVar [[r.DOF.Kernel.MaxBackgroundRadius:0.025]]
[2022.02.23-16.10.48:828][  0]LogConfig: Applying CVar settings from Section [TextureQuality@3] File [C:/Users/diogo/Documents/GitHub/GameDesign/Mario_Diogo/Saved/Config/Windows/Scalability.ini]
[2022.02.23-16.10.48:828][  0]LogConfig: Setting CVar [[r.Streaming.MipBias:0]]
[2022.02.23-16.10.48:828][  0]LogConfig: Setting CVar [[r.Streaming.AmortizeCPUToGPUCopy:0]]
[2022.02.23-16.10.48:828][  0]LogConfig: Setting CVar [[r.Streaming.MaxNumTexturesToStreamPerFrame:0]]
[2022.02.23-16.10.48:828][  0]LogConfig: Setting CVar [[r.Streaming.Boost:1]]
[2022.02.23-16.10.48:828][  0]LogConfig: Setting CVar [[r.MaxAnisotropy:8]]
[2022.02.23-16.10.48:828][  0]LogConfig: Setting CVar [[r.VT.MaxAnisotropy:8]]
[2022.02.23-16.10.48:828][  0]LogConfig: Setting CVar [[r.Streaming.LimitPoolSizeToVRAM:0]]
[2022.02.23-16.10.48:828][  0]LogConfig: Setting CVar [[r.Streaming.PoolSize:1000]]
[2022.02.23-16.10.48:828][  0]LogConfig: Setting CVar [[r.Streaming.MaxEffectiveScreenSize:0]]
[2022.02.23-16.10.48:828][  0]LogConfig: Applying CVar settings from Section [EffectsQuality@3] File [C:/Users/diogo/Documents/GitHub/GameDesign/Mario_Diogo/Saved/Config/Windows/Scalability.ini]
[2022.02.23-16.10.48:828][  0]LogConfig: Setting CVar [[r.TranslucencyLightingVolumeDim:64]]
[2022.02.23-16.10.48:828][  0]LogConfig: Setting CVar [[r.RefractionQuality:2]]
[2022.02.23-16.10.48:828][  0]LogConfig: Setting CVar [[r.SSR.Quality:3]]
[2022.02.23-16.10.48:828][  0]LogConfig: Setting CVar [[r.SSR.HalfResSceneColor:0]]
[2022.02.23-16.10.48:828][  0]LogConfig: Setting CVar [[r.SceneColorFormat:4]]
[2022.02.23-16.10.48:828][  0]LogConfig: Setting CVar [[r.DetailMode:2]]
[2022.02.23-16.10.48:828][  0]LogConfig: Setting CVar [[r.TranslucencyVolumeBlur:1]]
[2022.02.23-16.10.48:828][  0]LogConfig: Setting CVar [[r.MaterialQualityLevel:1 ; High quality]]
[2022.02.23-16.10.48:828][  0]LogConfig: Setting CVar [[r.AnisotropicMaterials:1]]
[2022.02.23-16.10.48:828][  0]LogConfig: Setting CVar [[r.SSS.Scale:1]]
[2022.02.23-16.10.48:828][  0]LogConfig: Setting CVar [[r.SSS.SampleSet:2]]
[2022.02.23-16.10.48:828][  0]LogConfig: Setting CVar [[r.SSS.Quality:1]]
[2022.02.23-16.10.48:828][  0]LogConfig: Setting CVar [[r.SSS.HalfRes:0]]
[2022.02.23-16.10.48:828][  0]LogConfig: Setting CVar [[r.SSGI.Quality:3]]
[2022.02.23-16.10.48:828][  0]LogConfig: Setting CVar [[r.EmitterSpawnRateScale:1.0]]
[2022.02.23-16.10.48:828][  0]LogConfig: Setting CVar [[r.ParticleLightQuality:2]]
[2022.02.23-16.10.48:828][  0]LogConfig: Setting CVar [[r.SkyAtmosphere.AerialPerspectiveLUT.FastApplyOnOpaque:1 ; Always have FastSkyLUT 1 in this case to avoid wrong sky]]
[2022.02.23-16.10.48:828][  0]LogConfig: Setting CVar [[r.SkyAtmosphere.AerialPerspectiveLUT.SampleCountMaxPerSlice:4]]
[2022.02.23-16.10.48:828][  0]LogConfig: Setting CVar [[r.SkyAtmosphere.AerialPerspectiveLUT.DepthResolution:16.0]]
[2022.02.23-16.10.48:828][  0]LogConfig: Setting CVar [[r.SkyAtmosphere.FastSkyLUT:1]]
[2022.02.23-16.10.48:828][  0]LogConfig: Setting CVar [[r.SkyAtmosphere.FastSkyLUT.SampleCountMin:4.0]]
[2022.02.23-16.10.48:828][  0]LogConfig: Setting CVar [[r.SkyAtmosphere.FastSkyLUT.SampleCountMax:128.0]]
[2022.02.23-16.10.48:828][  0]LogConfig: Setting CVar [[r.SkyAtmosphere.SampleCountMin:4.0]]
[2022.02.23-16.10.48:828][  0]LogConfig: Setting CVar [[r.SkyAtmosphere.SampleCountMax:128.0]]
[2022.02.23-16.10.48:828][  0]LogConfig: Setting CVar [[r.SkyAtmosphere.TransmittanceLUT.UseSmallFormat:0]]
[2022.02.23-16.10.48:828][  0]LogConfig: Setting CVar [[r.SkyAtmosphere.TransmittanceLUT.SampleCount:10.0]]
[2022.02.23-16.10.48:828][  0]LogConfig: Setting CVar [[r.SkyAtmosphere.MultiScatteringLUT.SampleCount:15.0]]
[2022.02.23-16.10.48:828][  0]LogConfig: Setting CVar [[r.SkyLight.RealTimeReflectionCapture:1]]
[2022.02.23-16.10.48:828][  0]LogConfig: Applying CVar settings from Section [FoliageQuality@3] File [C:/Users/diogo/Documents/GitHub/GameDesign/Mario_Diogo/Saved/Config/Windows/Scalability.ini]
[2022.02.23-16.10.48:828][  0]LogConfig: Setting CVar [[foliage.DensityScale:1.0]]
[2022.02.23-16.10.48:828][  0]LogConfig: Setting CVar [[grass.DensityScale:1.0]]
[2022.02.23-16.10.48:828][  0]LogConfig: Applying CVar settings from Section [ShadingQuality@3] File [C:/Users/diogo/Documents/GitHub/GameDesign/Mario_Diogo/Saved/Config/Windows/Scalability.ini]
[2022.02.23-16.10.48:828][  0]LogConfig: Setting CVar [[r.HairStrands.SkyLighting.IntegrationType:2]]
[2022.02.23-16.10.48:828][  0]LogConfig: Setting CVar [[r.HairStrands.SkyAO.SampleCount:4]]
[2022.02.23-16.10.48:828][  0]LogConfig: Setting CVar [[r.HairStrands.Visibility.MSAA.SamplePerPixel:4]]
[2022.02.23-16.10.48:828][  0]LogInit: Selected Device Profile: [Windows]
[2022.02.23-16.10.48:828][  0]LogInit: Applying CVar settings loaded from the selected device profile: [Windows]
[2022.02.23-16.10.48:828][  0]LogHAL: Display: Platform has ~ 32 GB [34245648384 / 34359738368 / 32], which maps to Largest [LargestMinGB=32, LargerMinGB=12, DefaultMinGB=8, SmallerMinGB=6, SmallestMinGB=0)
[2022.02.23-16.10.48:828][  0]LogInit: Going up to parent DeviceProfile []
[2022.02.23-16.10.48:828][  0]LogConfig: Applying CVar settings from Section [ViewDistanceQuality@3] File [C:/Users/diogo/Documents/GitHub/GameDesign/Mario_Diogo/Saved/Config/Windows/Scalability.ini]
[2022.02.23-16.10.48:828][  0]LogConfig: Setting CVar [[r.SkeletalMeshLODBias:0]]
[2022.02.23-16.10.48:828][  0]LogConfig: Setting CVar [[r.ViewDistanceScale:1.0]]
[2022.02.23-16.10.48:828][  0]LogConfig: Applying CVar settings from Section [AntiAliasingQuality@3] File [C:/Users/diogo/Documents/GitHub/GameDesign/Mario_Diogo/Saved/Config/Windows/Scalability.ini]
[2022.02.23-16.10.48:828][  0]LogConfig: Setting CVar [[r.PostProcessAAQuality:4]]
[2022.02.23-16.10.48:828][  0]LogConfig: Applying CVar settings from Section [ShadowQuality@3] File [C:/Users/diogo/Documents/GitHub/GameDesign/Mario_Diogo/Saved/Config/Windows/Scalability.ini]
[2022.02.23-16.10.48:828][  0]LogConfig: Setting CVar [[r.LightFunctionQuality:1]]
[2022.02.23-16.10.48:828][  0]LogConfig: Setting CVar [[r.ShadowQuality:5]]
[2022.02.23-16.10.48:828][  0]LogConfig: Setting CVar [[r.Shadow.CSM.MaxCascades:10]]
[2022.02.23-16.10.48:828][  0]LogConfig: Setting CVar [[r.Shadow.MaxResolution:2048]]
[2022.02.23-16.10.48:828][  0]LogConfig: Setting CVar [[r.Shadow.MaxCSMResolution:2048]]
[2022.02.23-16.10.48:828][  0]LogConfig: Setting CVar [[r.Shadow.RadiusThreshold:0.01]]
[2022.02.23-16.10.48:828][  0]LogConfig: Setting CVar [[r.Shadow.DistanceScale:1.0]]
[2022.02.23-16.10.48:828][  0]LogConfig: Setting CVar [[r.Shadow.CSM.TransitionScale:1.0]]
[2022.02.23-16.10.48:828][  0]LogConfig: Setting CVar [[r.Shadow.PreShadowResolutionFactor:1.0]]
[2022.02.23-16.10.48:829][  0]LogConfig: Setting CVar [[r.DistanceFieldShadowing:1]]
[2022.02.23-16.10.48:829][  0]LogConfig: Setting CVar [[r.DistanceFieldAO:1]]
[2022.02.23-16.10.48:829][  0]LogConfig: Setting CVar [[r.AOQuality:2]]
[2022.02.23-16.10.48:829][  0]LogConfig: Setting CVar [[r.VolumetricFog:1]]
[2022.02.23-16.10.48:829][  0]LogConfig: Setting CVar [[r.VolumetricFog.GridPixelSize:8]]
[2022.02.23-16.10.48:829][  0]LogConfig: Setting CVar [[r.VolumetricFog.GridSizeZ:128]]
[2022.02.23-16.10.48:829][  0]LogConfig: Setting CVar [[r.VolumetricFog.HistoryMissSupersampleCount:4]]
[2022.02.23-16.10.48:829][  0]LogConfig: Setting CVar [[r.LightMaxDrawDistanceScale:1]]
[2022.02.23-16.10.48:829][  0]LogConfig: Setting CVar [[r.CapsuleShadows:1]]
[2022.02.23-16.10.48:829][  0]LogConfig: Applying CVar settings from Section [PostProcessQuality@3] File [C:/Users/diogo/Documents/GitHub/GameDesign/Mario_Diogo/Saved/Config/Windows/Scalability.ini]
[2022.02.23-16.10.48:829][  0]LogConfig: Setting CVar [[r.MotionBlurQuality:4]]
[2022.02.23-16.10.48:829][  0]LogConfig: Setting CVar [[r.AmbientOcclusionMipLevelFactor:0.4]]
[2022.02.23-16.10.48:829][  0]LogConfig: Setting CVar [[r.AmbientOcclusionMaxQuality:100]]
[2022.02.23-16.10.48:829][  0]LogConfig: Setting CVar [[r.AmbientOcclusionLevels:-1]]
[2022.02.23-16.10.48:829][  0]LogConfig: Setting CVar [[r.AmbientOcclusionRadiusScale:1.0]]
[2022.02.23-16.10.48:829][  0]LogConfig: Setting CVar [[r.DepthOfFieldQuality:2]]
[2022.02.23-16.10.48:829][  0]LogConfig: Setting CVar [[r.RenderTargetPoolMin:400]]
[2022.02.23-16.10.48:829][  0]LogConfig: Setting CVar [[r.LensFlareQuality:2]]
[2022.02.23-16.10.48:829][  0]LogConfig: Setting CVar [[r.SceneColorFringeQuality:1]]
[2022.02.23-16.10.48:829][  0]LogConfig: Setting CVar [[r.EyeAdaptationQuality:2]]
[2022.02.23-16.10.48:829][  0]LogConfig: Setting CVar [[r.BloomQuality:5]]
[2022.02.23-16.10.48:829][  0]LogConfig: Setting CVar [[r.FastBlurThreshold:100]]
[2022.02.23-16.10.48:829][  0]LogConfig: Setting CVar [[r.Upscale.Quality:3]]
[2022.02.23-16.10.48:829][  0]LogConfig: Setting CVar [[r.Tonemapper.GrainQuantization:1]]
[2022.02.23-16.10.48:829][  0]LogConfig: Setting CVar [[r.LightShaftQuality:1]]
[2022.02.23-16.10.48:829][  0]LogConfig: Setting CVar [[r.Filter.SizeScale:1]]
[2022.02.23-16.10.48:829][  0]LogConfig: Setting CVar [[r.Tonemapper.Quality:5]]
[2022.02.23-16.10.48:829][  0]LogConfig: Setting CVar [[r.DOF.Gather.AccumulatorQuality:1        ; higher gathering accumulator quality]]
[2022.02.23-16.10.48:829][  0]LogConfig: Setting CVar [[r.DOF.Gather.PostfilterMethod:1          ; Median3x3 postfilering method]]
[2022.02.23-16.10.48:829][  0]LogConfig: Setting CVar [[r.DOF.Gather.EnableBokehSettings:0       ; no bokeh simulation when gathering]]
[2022.02.23-16.10.48:829][  0]LogConfig: Setting CVar [[r.DOF.Gather.RingCount:4                 ; medium number of samples when gathering]]
[2022.02.23-16.10.48:829][  0]LogConfig: Setting CVar [[r.DOF.Scatter.ForegroundCompositing:1    ; additive foreground scattering]]
[2022.02.23-16.10.48:829][  0]LogConfig: Setting CVar [[r.DOF.Scatter.BackgroundCompositing:2    ; additive background scattering]]
[2022.02.23-16.10.48:829][  0]LogConfig: Setting CVar [[r.DOF.Scatter.EnableBokehSettings:1      ; bokeh simulation when scattering]]
[2022.02.23-16.10.48:829][  0]LogConfig: Setting CVar [[r.DOF.Scatter.MaxSpriteRatio:0.1         ; only a maximum of 10% of scattered bokeh]]
[2022.02.23-16.10.48:829][  0]LogConfig: Setting CVar [[r.DOF.Recombine.Quality:1                ; cheap slight out of focus]]
[2022.02.23-16.10.48:829][  0]LogConfig: Setting CVar [[r.DOF.Recombine.EnableBokehSettings:0    ; no bokeh simulation on slight out of focus]]
[2022.02.23-16.10.48:829][  0]LogConfig: Setting CVar [[r.DOF.TemporalAAQuality:1                ; more stable temporal accumulation]]
[2022.02.23-16.10.48:829][  0]LogConfig: Setting CVar [[r.DOF.Kernel.MaxForegroundRadius:0.025]]
[2022.02.23-16.10.48:829][  0]LogConfig: Setting CVar [[r.DOF.Kernel.MaxBackgroundRadius:0.025]]
[2022.02.23-16.10.48:829][  0]LogConfig: Applying CVar settings from Section [TextureQuality@3] File [C:/Users/diogo/Documents/GitHub/GameDesign/Mario_Diogo/Saved/Config/Windows/Scalability.ini]
[2022.02.23-16.10.48:829][  0]LogConfig: Setting CVar [[r.Streaming.MipBias:0]]
[2022.02.23-16.10.48:829][  0]LogConfig: Setting CVar [[r.Streaming.AmortizeCPUToGPUCopy:0]]
[2022.02.23-16.10.48:829][  0]LogConfig: Setting CVar [[r.Streaming.MaxNumTexturesToStreamPerFrame:0]]
[2022.02.23-16.10.48:829][  0]LogConfig: Setting CVar [[r.Streaming.Boost:1]]
[2022.02.23-16.10.48:829][  0]LogConfig: Setting CVar [[r.MaxAnisotropy:8]]
[2022.02.23-16.10.48:829][  0]LogConfig: Setting CVar [[r.VT.MaxAnisotropy:8]]
[2022.02.23-16.10.48:829][  0]LogConfig: Setting CVar [[r.Streaming.LimitPoolSizeToVRAM:0]]
[2022.02.23-16.10.48:829][  0]LogConfig: Setting CVar [[r.Streaming.PoolSize:1000]]
[2022.02.23-16.10.48:829][  0]LogConfig: Setting CVar [[r.Streaming.MaxEffectiveScreenSize:0]]
[2022.02.23-16.10.48:829][  0]LogConfig: Applying CVar settings from Section [EffectsQuality@3] File [C:/Users/diogo/Documents/GitHub/GameDesign/Mario_Diogo/Saved/Config/Windows/Scalability.ini]
[2022.02.23-16.10.48:829][  0]LogConfig: Setting CVar [[r.TranslucencyLightingVolumeDim:64]]
[2022.02.23-16.10.48:829][  0]LogConfig: Setting CVar [[r.RefractionQuality:2]]
[2022.02.23-16.10.48:829][  0]LogConfig: Setting CVar [[r.SSR.Quality:3]]
[2022.02.23-16.10.48:829][  0]LogConfig: Setting CVar [[r.SSR.HalfResSceneColor:0]]
[2022.02.23-16.10.48:829][  0]LogConfig: Setting CVar [[r.SceneColorFormat:4]]
[2022.02.23-16.10.48:829][  0]LogConfig: Setting CVar [[r.DetailMode:2]]
[2022.02.23-16.10.48:829][  0]LogConfig: Setting CVar [[r.TranslucencyVolumeBlur:1]]
[2022.02.23-16.10.48:829][  0]LogConfig: Setting CVar [[r.MaterialQualityLevel:1 ; High quality]]
[2022.02.23-16.10.48:829][  0]LogConfig: Setting CVar [[r.AnisotropicMaterials:1]]
[2022.02.23-16.10.48:829][  0]LogConfig: Setting CVar [[r.SSS.Scale:1]]
[2022.02.23-16.10.48:829][  0]LogConfig: Setting CVar [[r.SSS.SampleSet:2]]
[2022.02.23-16.10.48:829][  0]LogConfig: Setting CVar [[r.SSS.Quality:1]]
[2022.02.23-16.10.48:829][  0]LogConfig: Setting CVar [[r.SSS.HalfRes:0]]
[2022.02.23-16.10.48:829][  0]LogConfig: Setting CVar [[r.SSGI.Quality:3]]
[2022.02.23-16.10.48:829][  0]LogConfig: Setting CVar [[r.EmitterSpawnRateScale:1.0]]
[2022.02.23-16.10.48:829][  0]LogConfig: Setting CVar [[r.ParticleLightQuality:2]]
[2022.02.23-16.10.48:829][  0]LogConfig: Setting CVar [[r.SkyAtmosphere.AerialPerspectiveLUT.FastApplyOnOpaque:1 ; Always have FastSkyLUT 1 in this case to avoid wrong sky]]
[2022.02.23-16.10.48:829][  0]LogConfig: Setting CVar [[r.SkyAtmosphere.AerialPerspectiveLUT.SampleCountMaxPerSlice:4]]
[2022.02.23-16.10.48:829][  0]LogConfig: Setting CVar [[r.SkyAtmosphere.AerialPerspectiveLUT.DepthResolution:16.0]]
[2022.02.23-16.10.48:829][  0]LogConfig: Setting CVar [[r.SkyAtmosphere.FastSkyLUT:1]]
[2022.02.23-16.10.48:829][  0]LogConfig: Setting CVar [[r.SkyAtmosphere.FastSkyLUT.SampleCountMin:4.0]]
[2022.02.23-16.10.48:829][  0]LogConfig: Setting CVar [[r.SkyAtmosphere.FastSkyLUT.SampleCountMax:128.0]]
[2022.02.23-16.10.48:829][  0]LogConfig: Setting CVar [[r.SkyAtmosphere.SampleCountMin:4.0]]
[2022.02.23-16.10.48:829][  0]LogConfig: Setting CVar [[r.SkyAtmosphere.SampleCountMax:128.0]]
[2022.02.23-16.10.48:829][  0]LogConfig: Setting CVar [[r.SkyAtmosphere.TransmittanceLUT.UseSmallFormat:0]]
[2022.02.23-16.10.48:829][  0]LogConfig: Setting CVar [[r.SkyAtmosphere.TransmittanceLUT.SampleCount:10.0]]
[2022.02.23-16.10.48:829][  0]LogConfig: Setting CVar [[r.SkyAtmosphere.MultiScatteringLUT.SampleCount:15.0]]
[2022.02.23-16.10.48:829][  0]LogConfig: Setting CVar [[r.SkyLight.RealTimeReflectionCapture:1]]
[2022.02.23-16.10.48:829][  0]LogConfig: Applying CVar settings from Section [FoliageQuality@3] File [C:/Users/diogo/Documents/GitHub/GameDesign/Mario_Diogo/Saved/Config/Windows/Scalability.ini]
[2022.02.23-16.10.48:829][  0]LogConfig: Setting CVar [[foliage.DensityScale:1.0]]
[2022.02.23-16.10.48:829][  0]LogConfig: Setting CVar [[grass.DensityScale:1.0]]
[2022.02.23-16.10.48:829][  0]LogConfig: Applying CVar settings from Section [ShadingQuality@3] File [C:/Users/diogo/Documents/GitHub/GameDesign/Mario_Diogo/Saved/Config/Windows/Scalability.ini]
[2022.02.23-16.10.48:829][  0]LogConfig: Setting CVar [[r.HairStrands.SkyLighting.IntegrationType:2]]
[2022.02.23-16.10.48:829][  0]LogConfig: Setting CVar [[r.HairStrands.SkyAO.SampleCount:4]]
[2022.02.23-16.10.48:829][  0]LogConfig: Setting CVar [[r.HairStrands.Visibility.MSAA.SamplePerPixel:4]]
[2022.02.23-16.10.48:829][  0]LogConfig: Applying CVar settings from Section [Startup] File [../../../Engine/Config/ConsoleVariables.ini]
[2022.02.23-16.10.48:829][  0]LogConfig: Setting CVar [[net.UseAdaptiveNetUpdateFrequency:0]]
[2022.02.23-16.10.48:829][  0]LogConfig: Setting CVar [[p.chaos.AllowCreatePhysxBodies:1]]
[2022.02.23-16.10.48:829][  0]LogConfig: Setting CVar [[fx.SkipVectorVMBackendOptimizations:1]]
[2022.02.23-16.10.48:829][  0]LogConfig: Applying CVar settings from Section [ConsoleVariables] File [C:/Users/diogo/Documents/GitHub/GameDesign/Mario_Diogo/Saved/Config/Windows/Engine.ini]
[2022.02.23-16.10.48:829][  0]LogConfig: Applying CVar settings from Section [ConsoleVariables] File [C:/Users/diogo/Documents/GitHub/GameDesign/Mario_Diogo/Saved/Config/Windows/Editor.ini]
[2022.02.23-16.10.48:830][  0]LogInit: Computer: DESKTOP-99HPSNC
[2022.02.23-16.10.48:830][  0]LogInit: User: diogo
[2022.02.23-16.10.48:830][  0]LogInit: CPU Page size=4096, Cores=8
[2022.02.23-16.10.48:830][  0]LogInit: High frequency timer resolution =10.000000 MHz
[2022.02.23-16.10.48:830][  0]LogMemory: Memory total: Physical=31.9GB (32GB approx)
[2022.02.23-16.10.48:830][  0]LogMemory: Platform Memory Stats for Windows
[2022.02.23-16.10.48:830][  0]LogMemory: Process Physical Memory: 151.59 MB used, 151.98 MB peak
[2022.02.23-16.10.48:830][  0]LogMemory: Process Virtual Memory: 133.18 MB used, 133.18 MB peak
[2022.02.23-16.10.48:830][  0]LogMemory: Physical Memory: 12697.38 MB used,  19961.82 MB free, 32659.20 MB total
[2022.02.23-16.10.48:830][  0]LogMemory: Virtual Memory: 134203680.00 MB used,  14050.07 MB free, 134217728.00 MB total
[2022.02.23-16.10.48:834][  0]LogWindows: WindowsPlatformFeatures enabled
[2022.02.23-16.10.48:848][  0]LogInit: Physics initialised using underlying interface: PhysX
[2022.02.23-16.10.48:849][  0]LogInit: Using OS detected language (pt-PT).
[2022.02.23-16.10.48:849][  0]LogInit: Using OS detected locale (pt-PT).
[2022.02.23-16.10.48:854][  0]LogTextLocalizationManager: No localization for 'pt-PT' exists, so 'en' will be used for the language.
[2022.02.23-16.10.48:856][  0]LogTextLocalizationManager: No localization for 'pt-PT' exists, so 'en' will be used for the locale.
[2022.02.23-16.10.49:013][  0]LogWindowsTextInputMethodSystem: Display: IME system deactivated.
[2022.02.23-16.10.49:024][  0]LogSlate: New Slate User Created.  User Index 0, Is Virtual User: 0
[2022.02.23-16.10.49:024][  0]LogSlate: Slate User Registered.  User Index 0, Is Virtual User: 0
[2022.02.23-16.10.49:036][  0]LogD3D11RHI: Loaded GFSDK_Aftermath_Lib.x64.dll
[2022.02.23-16.10.49:036][  0]LogD3D11RHI: D3D11 min allowed feature level: 11_0
[2022.02.23-16.10.49:036][  0]LogD3D11RHI: D3D11 max allowed feature level: 11_0
[2022.02.23-16.10.49:036][  0]LogD3D11RHI: D3D11 adapters:
[2022.02.23-16.10.49:089][  0]LogD3D11RHI:    0. 'NVIDIA GeForce RTX 2080 SUPER' (Feature Level 11_0)
[2022.02.23-16.10.49:089][  0]LogD3D11RHI:       8010/0/16329 MB DedicatedVideo/DedicatedSystem/SharedSystem, Outputs:1, VendorId:0x10de
[2022.02.23-16.10.49:091][  0]LogD3D11RHI:    1. 'Microsoft Basic Render Driver' (Feature Level 11_0)
[2022.02.23-16.10.49:091][  0]LogD3D11RHI:       0/0/16329 MB DedicatedVideo/DedicatedSystem/SharedSystem, Outputs:0, VendorId:0x1414
[2022.02.23-16.10.49:091][  0]LogD3D11RHI: Chosen D3D11 Adapter:
[2022.02.23-16.10.49:091][  0]LogD3D11RHI:     Description : NVIDIA GeForce RTX 2080 SUPER
[2022.02.23-16.10.49:091][  0]LogD3D11RHI:     VendorId    : 10de
[2022.02.23-16.10.49:091][  0]LogD3D11RHI:     DeviceId    : 1e81
[2022.02.23-16.10.49:091][  0]LogD3D11RHI:     SubSysId    : 87121043
[2022.02.23-16.10.49:091][  0]LogD3D11RHI:     Revision    : 00a1
[2022.02.23-16.10.49:091][  0]LogD3D11RHI:     DedicatedVideoMemory : 8399093760 bytes
[2022.02.23-16.10.49:091][  0]LogD3D11RHI:     DedicatedSystemMemory : 0 bytes
[2022.02.23-16.10.49:091][  0]LogD3D11RHI:     SharedSystemMemory : 17122824192 bytes
[2022.02.23-16.10.49:091][  0]LogD3D11RHI:     AdapterLuid : 0 84201
[2022.02.23-16.10.49:096][  0]LogD3D11RHI: Creating new Direct3DDevice
[2022.02.23-16.10.49:096][  0]LogD3D11RHI:     GPU DeviceId: 0x1e81 (for the marketing name, search the web for "GPU Device Id")
[2022.02.23-16.10.49:096][  0]LogWindows: EnumDisplayDevices:
[2022.02.23-16.10.49:097][  0]LogWindows:    0. 'NVIDIA GeForce RTX 2080 SUPER' (P:1 D:1)
[2022.02.23-16.10.49:097][  0]LogWindows:    1. 'NVIDIA GeForce RTX 2080 SUPER' (P:0 D:0)
[2022.02.23-16.10.49:097][  0]LogWindows:    2. 'NVIDIA GeForce RTX 2080 SUPER' (P:0 D:0)
[2022.02.23-16.10.49:097][  0]LogWindows:    3. 'NVIDIA GeForce RTX 2080 SUPER' (P:0 D:0)
[2022.02.23-16.10.49:097][  0]LogWindows: DebugString: FoundDriverCount:4 
[2022.02.23-16.10.49:097][  0]LogD3D11RHI:     Adapter Name: NVIDIA GeForce RTX 2080 SUPER
[2022.02.23-16.10.49:097][  0]LogD3D11RHI:   Driver Version: 456.71 (internal:27.21.14.5671, unified:456.71)
[2022.02.23-16.10.49:097][  0]LogD3D11RHI:      Driver Date: 9-30-2020
[2022.02.23-16.10.49:097][  0]LogRHI: Texture pool is 5607 MB (70% of 8010 MB)
[2022.02.23-16.10.49:097][  0]LogD3D11RHI: Creating D3DDevice using adapter:
[2022.02.23-16.10.49:097][  0]LogD3D11RHI:     Description : NVIDIA GeForce RTX 2080 SUPER
[2022.02.23-16.10.49:097][  0]LogD3D11RHI:     VendorId    : 10de
[2022.02.23-16.10.49:097][  0]LogD3D11RHI:     DeviceId    : 1e81
[2022.02.23-16.10.49:097][  0]LogD3D11RHI:     SubSysId    : 87121043
[2022.02.23-16.10.49:097][  0]LogD3D11RHI:     Revision    : 00a1
[2022.02.23-16.10.49:097][  0]LogD3D11RHI:     DedicatedVideoMemory : 8399093760 bytes
[2022.02.23-16.10.49:097][  0]LogD3D11RHI:     DedicatedSystemMemory : 0 bytes
[2022.02.23-16.10.49:097][  0]LogD3D11RHI:     SharedSystemMemory : 17122824192 bytes
[2022.02.23-16.10.49:097][  0]LogD3D11RHI:     AdapterLuid : 0 84201
[2022.02.23-16.10.49:140][  0]LogD3D11RHI: RHI has support for 64 bit atomics
[2022.02.23-16.10.49:140][  0]LogD3D11RHI: Async texture creation enabled
[2022.02.23-16.10.49:140][  0]LogD3D11RHI: Array index from any shader is supported
[2022.02.23-16.10.49:152][  0]LogD3D11RHI: GPU Timing Frequency: 1000.000000 (Debug: 2 1)
[2022.02.23-16.10.49:173][  0]LogRHI: GeForceNow SDK initialized: 1
[2022.02.23-16.10.49:375][  0]LogTargetPlatformManager: Display: Loaded TargetPlatform 'WindowsNoEditor'
[2022.02.23-16.10.49:378][  0]LogTargetPlatformManager: Display: Loaded TargetPlatform 'Windows'
[2022.02.23-16.10.49:381][  0]LogTargetPlatformManager: Display: Loaded TargetPlatform 'WindowsClient'
[2022.02.23-16.10.49:384][  0]LogTargetPlatformManager: Display: Loaded TargetPlatform 'WindowsServer'
[2022.02.23-16.10.49:384][  0]LogTargetPlatformManager: Display: Building Assets For Windows
[2022.02.23-16.10.49:388][  0]LogAudioDebug: Display: Lib vorbis DLL was dynamically loaded.
[2022.02.23-16.10.49:410][  0]LogTextureFormatOodle: Display: Oodle Texture 2.9.0 init RDO Off
[2022.02.23-16.10.49:431][  0]LogRendererCore: Ray tracing is disabled. Reason: r.RayTracing=0.
[2022.02.23-16.10.49:431][  0]LogShaderCompilers: Guid format shader working directory is 4 characters bigger than the processId version (../../../../GitHub/GameDesign/Mario_Diogo/Intermediate/Shaders/WorkingDirectory/22932/).
[2022.02.23-16.10.49:431][  0]LogShaderCompilers: Cleaned the shader compiler working directory 'C:/Users/diogo/AppData/Local/Temp/UnrealShaderWorkingDir/CFE2EBD640EB0304CE1093A67DF8B6EF/'.
[2022.02.23-16.10.49:431][  0]LogXGEController: Cannot use XGE Controller as Incredibuild is not installed on this machine.
[2022.02.23-16.10.49:431][  0]LogShaderCompilers: Cannot use XGE Shader Compiler as Incredibuild is not installed on this machine.
[2022.02.23-16.10.49:431][  0]LogShaderCompilers: Display: Using Local Shader Compiler.
[2022.02.23-16.10.50:077][  0]LogDerivedDataCache: Display: Max Cache Size: 512 MB
[2022.02.23-16.10.50:124][  0]LogDerivedDataCache: Loaded boot cache 0.05s 94MB C:/Users/diogo/AppData/Local/UnrealEngine/4.27/DerivedDataCache/Boot.ddc.
[2022.02.23-16.10.50:124][  0]LogDerivedDataCache: Display: Loaded Boot cache: C:/Users/diogo/AppData/Local/UnrealEngine/4.27/DerivedDataCache/Boot.ddc
[2022.02.23-16.10.50:124][  0]LogDerivedDataCache: FDerivedDataBackendGraph:  Pak pak cache file ../../../../GitHub/GameDesign/Mario_Diogo/DerivedDataCache/DDC.ddp not found, will not use a pak cache.
[2022.02.23-16.10.50:124][  0]LogDerivedDataCache: Unable to find inner node Pak for hierarchical cache Hierarchy.
[2022.02.23-16.10.50:124][  0]LogDerivedDataCache: FDerivedDataBackendGraph:  CompressedPak pak cache file ../../../../GitHub/GameDesign/Mario_Diogo/DerivedDataCache/Compressed.ddp not found, will not use a pak cache.
[2022.02.23-16.10.50:124][  0]LogDerivedDataCache: Unable to find inner node CompressedPak for hierarchical cache Hierarchy.
[2022.02.23-16.10.50:137][  0]LogDerivedDataCache: Display: Pak cache opened for reading ../../../Engine/DerivedDataCache/Compressed.ddp.
[2022.02.23-16.10.50:137][  0]LogDerivedDataCache: FDerivedDataBackendGraph:  EnterprisePak pak cache file ../../../Enterprise/DerivedDataCache/Compressed.ddp not found, will not use a pak cache.
[2022.02.23-16.10.50:137][  0]LogDerivedDataCache: Unable to find inner node EnterprisePak for hierarchical cache Hierarchy.
[2022.02.23-16.10.50:141][  0]LogDerivedDataCache: Speed tests for C:/Users/diogo/AppData/Local/UnrealEngine/Common/DerivedDataCache took 0.00 seconds
[2022.02.23-16.10.50:142][  0]LogDerivedDataCache: Display: Performance to C:/Users/diogo/AppData/Local/UnrealEngine/Common/DerivedDataCache: Latency=0.02ms. RandomReadSpeed=1372.43MBs, RandomWriteSpeed=284.99MBs. Assigned SpeedClass 'Local'
[2022.02.23-16.10.50:143][  0]LogDerivedDataCache: Using Local data cache path C:/Users/diogo/AppData/Local/UnrealEngine/Common/DerivedDataCache: Writable
[2022.02.23-16.10.50:143][  0]LogDerivedDataCache: Shared data cache path not found in *engine.ini, will not use an Shared cache.
[2022.02.23-16.10.50:143][  0]LogDerivedDataCache: Unable to find inner node Shared for hierarchical cache Hierarchy.
[2022.02.23-16.10.50:170][  0]LogSlate: Using FreeType 2.10.0
[2022.02.23-16.10.50:170][  0]LogSlate: SlateFontServices - WITH_FREETYPE: 1, WITH_HARFBUZZ: 1
[2022.02.23-16.10.50:226][  0]LogInit: Using OS detected language (pt-PT).
[2022.02.23-16.10.50:226][  0]LogInit: Using OS detected locale (pt-PT).
[2022.02.23-16.10.50:226][  0]LogTextLocalizationManager: No localization for 'pt-PT' exists, so 'en' will be used for the language.
[2022.02.23-16.10.50:226][  0]LogTextLocalizationManager: No localization for 'pt-PT' exists, so 'en' will be used for the locale.
[2022.02.23-16.10.50:229][  0]LogTextLocalizationManager: Compacting localization data took   0.00ms
[2022.02.23-16.10.50:229][  0]LogAssetRegistry: FAssetRegistry took 0.0017 seconds to start up
[2022.02.23-16.10.50:351][  0]LogPackageLocalizationCache: Processed 27 localized package path(s) for 1 prioritized culture(s) in 0.000926 seconds
[2022.02.23-16.10.50:398][  0]LogInit: Selected Device Profile: [Windows]
[2022.02.23-16.10.50:398][  0]LogInit: Active device profile: [0000018F997EB900][0000018F908FA6C0 49] Windows
[2022.02.23-16.10.50:399][  0]LogInit: Profiles: [0000018F997EB900][0000018F908FA6C0 49] Windows, [0000018F997A8900][0000018F90902840 49] WindowsNoEditor, [0000018F997E8900][0000018F911349C0 49] WindowsServer, [0000018F997AB100][0000018F91138B40 49] WindowsClient, [0000018F997EB000][0000018F9113CCC0 49] IOS, [0000018F997A9200][0000018F91140E40 49] iPadAir, [0000018F997E9100][0000018F91144FC0 49] iPadAir2, [0000018F9974C100][0000018F9114D280 49] IPadPro, [0000018F9974C200][0000018F911492C0 49] iPadAir3, [0000018F997EAA00][0000018F908FF400 49] iPadAir4, [0000018F9974F200][0000018F90C4D540 49] iPadMini2, [0000018F997E9600][0000018F90C51680 49] iPadMini3, [0000018F9974D500][0000018F90C59800 49] iPadMini4, [0000018F997EA200][0000018F90C5D980 49] iPadMini5, [0000018F9973F900][0000018F90C640C0 49] iPhone6, [0000018F9973FA00][0000018F90C60100 49] iPodTouch6, [0000018F9974EF00][0000018F90C6C3C0 49] iPhone7, [0000018F9974EE00][0000018F90C68400 49] iPodTouch7, [0000018F9973CD00][0000018F90C70580 49] iPhone5S, [0000018F9974CE00][0000018F90C74700 49] iPhone6Plus, [0000018F9973EC00][0000018F91B3E880 49] iPhone6S, [0000018F9974F700][0000018F91B42A00 49] iPhone6SPlus, [0000018F9973D500][0000018F91B46B80 49] iPhone7Plus, [0000018F9974FB00][0000018F91B4AD00 49] iPhoneSE, [0000018F9973E400][0000018F91B4EE80 49] iPhone8, [0000018F9974D600][0000018F91B53000 49] iPhone8Plus, [0000018F9973FE00][0000018F91B57180 49] iPhoneX, [0000018F9974F000][0000018F91B5B300 49] iPhoneXS, [0000018F9973C500][0000018F91B5F480 49] iPhoneXSMax, [0000018F9974D900][0000018F90C555C0 49] iPhoneXR, [0000018F9973E800][0000018F91B63700 49] iPhone11, [0000018F9974EB00][0000018F91B67840 49] iPhone11Pro, [0000018F9973D700][0000018F91B6F9C0 49] iPhone11ProMax, [0000018F9974F800][0000018F91B73B40 49] iPhoneSE2, [0000018F9973F400][0000018F91B76140 49] iPhone12Mini, [0000018F9974D000][0000018F91B7A2C0 49] iPhone12, [0000018F9973EA00][0000018F91B7E440 49] iPhone12Pro, [0000018F9974D200][0000018F91B825C0 49] iPhone12ProMax, [0000018F9973E900][0000018F91B86740 49] iPadPro105, [0000018F9974E300][0000018F91B8A8C0 49] iPadPro129, [0000018F9973C400][0000018F91B8EA40 49] iPadPro97, [0000018F9974E100][0000018F91B92BC0 49] iPadPro2_129, [0000018F9973DB00][0000018F91B96D40 49] iPad5, [0000018F9974D100][0000018F91B9AEC0 49] iPad6, [0000018F9973FD00][0000018F91B9F040 49] iPad7, [0000018F9974FA00][0000018F91BA31C0 49] iPad8, [0000018F9973FC00][0000018F91BA7340 49] iPadPro11, [0000018F9974E200][0000018F91BAB4C0 49] iPadPro2_11, [0000018F9973D100][0000018F91BAF640 49] iPadPro3_129, [0000018F9974DC00][0000018F91B6B780 49] iPadPro4_129, [0000018F9973EE00][0000018F91BB38C0 49] AppleTV, [0000018F9974CC00][0000018F91BB7A00 49] AppleTV4K, [0000018F9973C200][0000018F91BBBB40 49] TVOS, [0000018F9974C700][0000018F91BC2140 49] Mac, [0000018F9973F500][0000018F91BC62C0 49] MacClient, [0000018F9974F500][0000018F91BCA440 49] MacNoEditor, [0000018F9973D300][0000018F91BCE5C0 49] MacServer, [0000018F9974C900][0000018F91BD2740 49] Linux, [0000018F9973ED00][0000018F91BD68C0 49] LinuxAArch64, [0000018F9974DB00][0000018F91BDAA40 49] LinuxNoEditor, [0000018F9973F000][0000018F91BDEBC0 49] LinuxAArch64NoEditor, [0000018F9974E400][0000018F91BE2D40 49] LinuxClient, [0000018F9973E000][0000018F91BE6EC0 49] LinuxAArch64Client, [0000018F9974E000][0000018F91BEB040 49] LinuxServer, [0000018F9973F200][0000018F91BEF1C0 49] LinuxAArch64Server, [0000018F9974C400][0000018F91BF3340 49] Android, [0000018F997AAF00][0000018F91BF74C0 49] Android_Low, [0000018F9981DB00][0000018F91BFB640 49] Android_Mid, [0000018F997ABD00][0000018F91BFF7C0 49] Android_High, [0000018F9981D400][0000018F91BBF900 49] Android_Default, [0000018F997A8400][0000018F91C03A40 49] Android_Adreno4xx, [0000018F9981DE00][0000018F91C07B80 49] Android_Adreno5xx_Low, [0000018F997AB700][0000018F91C0A140 49] Android_Adreno5xx, [0000018F9981D500][0000018F91C122C0 49] Android_Adreno6xx, [0000018F997A8D00][0000018F91C16440 49] Android_Adreno6xx_Vulkan, [0000018F9981CB00][0000018F91C1A5C0 49] Android_Mali_T6xx, [0000018F997A9500][0000018F91C1E740 49] Android_Mali_T7xx, [0000018F9981D100][0000018F91C228C0 49] Android_Mali_T8xx, [0000018F997A8700][0000018F91C26A40 49] Android_Mali_G71, [0000018F9981C400][0000018F91C2ABC0 49] Android_Mali_G72, [0000018F997A9600][0000018F91C2ED40 49] Android_Mali_G72_Vulkan, [0000018F9981DD00][0000018F91C32EC0 49] Android_Mali_G76, [0000018F997A9C00][0000018F91C37040 49] Android_Mali_G76_Vulkan, [0000018F9981C600][0000018F91C3B1C0 49] Android_Mali_G77, [0000018F997A8E00][0000018F91C3F340 49] Android_Mali_G77_Vulkan, [0000018F9981E200][0000018F91C434C0 49] Android_Mali_G78, [0000018F997AAD00][0000018F91C47640 49] Android_Mali_G78_Vulkan, [0000018F9981CD00][0000018F91C4B7C0 49] Android_Mali_G710, [0000018F997A8300][0000018F91C4F940 49] Android_Mali_G710_Vulkan, [0000018F9981DF00][0000018F91C53AC0 49] Android_Vulkan_SM5, [0000018F9974EA00][0000018F91C0FC00 49] Android_PowerVR_G6xxx, [0000018F9981D600][0000018F91C561C0 49] Android_PowerVR_GT7xxx, [0000018F9974CF00][0000018F91C5A300 49] Android_PowerVR_GE8xxx, [0000018F9981CC00][0000018F91C62480 49] Android_PowerVR_GM9xxx, [0000018F9974C600][0000018F91C66600 49] Android_PowerVR_GM9xxx_Vulkan, [0000018F9981EA00][0000018F91C6A780 49] Android_TegraK1, [0000018F9974F400][0000018F91C6E900 49] Android_Unknown_Vulkan, [0000018F9981E900][0000018F91C72A80 49] Lumin, [0000018F9974DA00][0000018F91C76C00 49] Lumin_Desktop, [0000018F9981D000][0000018F91C7AD80 49] HoloLens, 
[2022.02.23-16.10.50:426][  0]LogMeshReduction: Using QuadricMeshReduction for automatic static mesh reduction
[2022.02.23-16.10.50:426][  0]LogMeshReduction: Using SimplygonMeshReduction for automatic skeletal mesh reduction
[2022.02.23-16.10.50:426][  0]LogMeshReduction: Using ProxyLODMeshReduction for automatic mesh merging
[2022.02.23-16.10.50:426][  0]LogMeshReduction: No distributed automatic mesh merging module available
[2022.02.23-16.10.50:426][  0]LogMeshMerging: No distributed automatic mesh merging module available
[2022.02.23-16.10.50:503][  0]LogNetVersion: Mario_Diogo 1.0.0, NetCL: 17155196, EngineNetVer: 17, GameNetVer: 0 (Checksum: 23149288)
[2022.02.23-16.10.50:668][  0]LogTexture: Default maximum texture size for cubemaps generated from long-lat sources has been changed from 512 to unlimited. In order to preserve old behaiour for '/Engine/MapTemplates/Sky/DaylightAmbientCubemap.DaylightAmbientCubemap', its maximum texture size has been explicitly set to 512.
[2022.02.23-16.10.50:714][  0]LogHMD: PokeAHoleMaterial loaded successfully
[2022.02.23-16.10.50:784][  0]LogMoviePlayer: Initializing movie player
[2022.02.23-16.10.50:868][  0]LogNiagaraDebuggerClient: Niagara Debugger Client Initialized | Session: 569B9D83460EDEAB1479CAABAAB82284 | Instance: B98CC28C4994762B08A63C95263F2DFD (DESKTOP-99HPSNC-22932).
[2022.02.23-16.10.50:882][  0]LogCollectionManager: Loaded 0 collections in 0.001169 seconds
[2022.02.23-16.10.50:884][  0]LogFileCache: Scanning file cache for directory 'C:/Users/diogo/Documents/GitHub/GameDesign/Mario_Diogo/Saved/Collections/' took 0.00s
[2022.02.23-16.10.50:884][  0]LogFileCache: Scanning file cache for directory 'C:/Users/diogo/Documents/GitHub/GameDesign/Mario_Diogo/Content/Developers/diogo/Collections/' took 0.00s
[2022.02.23-16.10.50:884][  0]LogFileCache: Scanning file cache for directory 'C:/Users/diogo/Documents/GitHub/GameDesign/Mario_Diogo/Content/Collections/' took 0.00s
[2022.02.23-16.10.50:884][  0]LogCollectionManager: Fixed up redirectors for 0 collections in 0.000001 seconds (updated 0 objects)
[2022.02.23-16.10.50:953][  0]LogTcpMessaging: Initializing TcpMessaging bridge
[2022.02.23-16.10.50:955][  0]LogUdpMessaging: Initializing bridge on interface 0.0.0.0:0 to multicast group 230.0.0.1:6666.
[2022.02.23-16.10.50:965][  0]LogPython: Using Python 3.7.7
[2022.02.23-16.10.51:363][  0]SourceControl: Source control is disabled
[2022.02.23-16.10.51:363][  0]SourceControl: Source control is disabled
[2022.02.23-16.10.51:365][  0]SourceControl: Source control is disabled
[2022.02.23-16.10.51:368][  0]LogUProjectInfo: Found projects:
[2022.02.23-16.10.51:443][  0]LogOpenImageDenoise: OIDN starting up
[2022.02.23-16.10.51:448][  0]LogAndroidPermission: UAndroidPermissionCallbackProxy::GetInstance
[2022.02.23-16.10.51:462][  0]LogAudioCaptureCore: Display: No Audio Capture implementations found. Audio input will be silent.
[2022.02.23-16.10.51:462][  0]LogAudioCaptureCore: Display: No Audio Capture implementations found. Audio input will be silent.
[2022.02.23-16.10.51:510][  0]LogOcInput: OculusInput pre-init called
[2022.02.23-16.10.51:518][  0]LogUObjectArray: 22121 objects as part of root set at end of initial load.
[2022.02.23-16.10.51:518][  0]LogUObjectAllocator: 5975632 out of 0 bytes used by permanent object pool.
[2022.02.23-16.10.51:518][  0]LogUObjectArray: CloseDisregardForGC: 0/0 objects in disregard for GC pool
[2022.02.23-16.10.51:553][  0]LogEngine: Initializing Engine...
[2022.02.23-16.10.51:554][  0]LogHMD: PokeAHoleMaterial loaded successfully
[2022.02.23-16.10.51:554][  0]LogHMD: Initializing OVRPlugin session
[2022.02.23-16.10.52:625][  0]LogHMD: Allocating Oculus 3296 x 1648 rendertarget swapchain
[2022.02.23-16.10.52:625][  0]LogHMD: Oculus plugin initialized. Version: 4.27.2-18319896+++UE4+Release-4.27, OVRPlugin: 1.59.0
[2022.02.23-16.10.52:626][  0]LogStats: UGameplayTagsManager::InitializeManager -  0.000 s
[2022.02.23-16.10.52:737][  0]LogInit: Initializing FReadOnlyCVARCache
[2022.02.23-16.10.52:737][  0]LogAudio: Display: Initializing Audio Device Manager...
[2022.02.23-16.10.52:740][  0]LogAudio: Display: Loading Default Audio Settings Objects...
[2022.02.23-16.10.52:740][  0]LogAudio: Display: No default SoundConcurrencyObject specified (or failed to load).
[2022.02.23-16.10.52:741][  0]LogAudio: Display: Audio Device Manager Initialized
[2022.02.23-16.10.52:741][  0]LogAudio: Display: Creating Audio Device:                 Id: 1, Scope: Shared, Realtime: True
[2022.02.23-16.10.52:741][  0]LogAudioMixer: Display: Audio Mixer Platform Settings:
[2022.02.23-16.10.52:741][  0]LogAudioMixer: Display: 	Sample Rate:						  48000
[2022.02.23-16.10.52:741][  0]LogAudioMixer: Display: 	Callback Buffer Frame Size Requested: 1024
[2022.02.23-16.10.52:741][  0]LogAudioMixer: Display: 	Callback Buffer Frame Size To Use:	  1024
[2022.02.23-16.10.52:741][  0]LogAudioMixer: Display: 	Number of buffers to queue:			  2
[2022.02.23-16.10.52:741][  0]LogAudioMixer: Display: 	Max Channels (voices):				  32
[2022.02.23-16.10.52:741][  0]LogAudioMixer: Display: 	Number of Async Source Workers:		  0
[2022.02.23-16.10.52:741][  0]LogAudio: Display: AudioDevice MaxSources: 32
[2022.02.23-16.10.52:741][  0]LogAudio: Display: Audio Spatialization Plugin: None (built-in).
[2022.02.23-16.10.52:741][  0]LogAudio: Display: Audio Reverb Plugin: None (built-in).
[2022.02.23-16.10.52:741][  0]LogAudio: Display: Audio Occlusion Plugin: None (built-in).
[2022.02.23-16.10.52:741][  0]LogAudioMixer: Display: Initializing audio mixer.
[2022.02.23-16.10.52:766][  0]LogAudioMixer: Display: 0: FrontLeft
[2022.02.23-16.10.52:766][  0]LogAudioMixer: Display: 1: FrontRight
[2022.02.23-16.10.52:775][  0]LogAudioMixer: Display: Using Audio Device Altifalantes (SRS-XB23 Stereo)
[2022.02.23-16.10.52:781][  0]LogAudioMixer: Display: Initializing Sound Submixes...
[2022.02.23-16.10.52:783][  0]LogAudioMixer: Display: Creating Master Submix 'MasterSubmixDefault'
[2022.02.23-16.10.52:783][  0]LogAudioMixer: Display: Creating Master Submix 'MasterReverbSubmixDefault'
[2022.02.23-16.10.52:784][  0]LogAudioMixer: Display: Creating Master Submix 'MasterEQSubmixDefault'
[2022.02.23-16.10.52:784][  0]LogAudioMixer: FMixerPlatformXAudio2::StartAudioStream() called
[2022.02.23-16.10.52:784][  0]LogAudioMixer: Display: Output buffers initialized: Frames=1024, Channels=2, Samples=2048
[2022.02.23-16.10.52:785][  0]LogAudioMixer: Display: Starting AudioMixerPlatformInterface::RunInternal()
[2022.02.23-16.10.52:785][  0]LogAudioMixer: Display: FMixerPlatformXAudio2::SubmitBuffer() called for the first time
[2022.02.23-16.10.52:785][  0]LogInit: FAudioDevice initialized.
[2022.02.23-16.10.52:786][  0]LogNetVersion: Set ProjectVersion to 1.0.0.0. Version Checksum will be recalculated on next use.
[2022.02.23-16.10.52:790][  0]LogInit: Texture streaming: Enabled
[2022.02.23-16.10.52:846][  0]LogAudio: Display: Audio Device (ID: 1) registered with world 'Untitled'.
[2022.02.23-16.10.52:846][  0]LogSlate: Updating window title bar state: overlay mode, drag disabled, window buttons hidden, title bar hidden
[2022.02.23-16.10.52:847][  0]LogInit: Display: Game Engine Initialized.
[2022.02.23-16.10.52:847][  0]LogNiagaraEditor: GEditor isn't valid! Particle reset commands will not work for Niagara components!
[2022.02.23-16.10.52:938][  0]LogInit: Display: Starting Game.
[2022.02.23-16.10.52:938][  0]LogNet: Browse: /Game/NewMap?Name=Player
[2022.02.23-16.10.52:939][  0]LogHMD: FSplash::DoShow
[2022.02.23-16.10.52:939][  0]LogLoad: LoadMap: /Game/NewMap?Name=Player
[2022.02.23-16.10.52:939][  0]LogWorld: BeginTearingDown for /Temp/Untitled_0
[2022.02.23-16.10.52:940][  0]LogWorld: UWorld::CleanupWorld for Untitled, bSessionEnded=true, bCleanupResources=true
[2022.02.23-16.10.52:940][  0]LogSlate: InvalidateAllWidgets triggered.  All widgets were invalidated
[2022.02.23-16.10.52:943][  0]LogAudio: Display: Audio Device unregistered from world 'None'.
[2022.02.23-16.10.52:945][  0]LogUObjectHash: Compacting FUObjectHashTables data took   0.70ms
[2022.02.23-16.10.52:999][  0]LogAudio: Display: Audio Device (ID: 1) registered with world 'NewMap'.
[2022.02.23-16.10.53:004][  0]LogAIModule: Creating AISystem for world NewMap
[2022.02.23-16.10.53:005][  0]LogLoad: Game class is 'BP_Platfromer_C'
[2022.02.23-16.10.53:006][  0]LogWorld: Bringing World /Game/NewMap.NewMap up for play (max tick rate 0) at 2022.02.23-17.10.53
[2022.02.23-16.10.53:006][  0]LogWorld: Bringing up level for play took: 0.001204
[2022.02.23-16.10.53:009][  0]LogHMD: FSplash::OnPostLoadMap Hide Auto Splash
[2022.02.23-16.10.53:009][  0]LogLoad: Took 0.069361 seconds to LoadMap(/Game/NewMap)
[2022.02.23-16.10.53:049][  0]LogSlate: Took 0.000214 seconds to synchronously load lazily loaded font '../../../Engine/Content/Slate/Fonts/Roboto-Regular.ttf' (155K)
[2022.02.23-16.10.53:074][  0]LogRenderer: Reallocating scene render targets to support 1280x720 Format 10 NumSamples 1 (Frame:1).
[2022.02.23-16.10.53:075][  0]LogInit: Display: Engine is initialized. Leaving FEngineLoop::Init()
[2022.02.23-16.10.53:075][  0]LogLoad: (Engine Initialization) Total time: 5.18 seconds
[2022.02.23-16.10.53:075][  0]LogLoad: (Engine Initialization) Total Blueprint compile time: 0.00 seconds
[2022.02.23-16.10.53:146][  0]LogOcInput: OculusInput is initialized
[2022.02.23-16.10.53:147][  0]LogHMD: FSplash::DoHide
[2022.02.23-16.10.53:161][  0]LogHMD: Allocating Oculus 3296 x 1776 rendertarget swapchain
[2022.02.23-16.10.53:161][  0]LogContentStreaming: Texture pool size now 1000 MB
[2022.02.23-16.10.58:973][995]LogSlate: Window 'Mario_Diogo (64-bit Development PCD3D_SM5) ' being destroyed
[2022.02.23-16.10.58:973][995]LogWindowsTextInputMethodSystem: Display: IME system deactivated.
[2022.02.23-16.10.58:975][995]LogWindowsTextInputMethodSystem: Display: IME system deactivated.
[2022.02.23-16.10.58:976][995]LogSlate: Updating window title bar state: overlay mode, drag disabled, window buttons hidden, title bar hidden
[2022.02.23-16.10.58:976][995]LogEngine: All Windows Closed
[2022.02.23-16.10.58:976][995]LogWindows: FPlatformMisc::RequestExit(0)
[2022.02.23-16.10.58:976][995]LogWindows: FPlatformMisc::RequestExitWithStatus(0, 0)
[2022.02.23-16.10.58:976][995]LogCore: Engine exit requested (reason: Win RequestExit)
[2022.02.23-16.10.58:976][996]LogCore: Engine exit requested (reason: EngineExit() was called; note: exit was already requested)
[2022.02.23-16.10.58:977][996]LogInit: Display: PreExit Game.
[2022.02.23-16.10.58:984][996]LogWorld: BeginTearingDown for /Game/NewMap
[2022.02.23-16.10.58:984][996]LogWorld: UWorld::CleanupWorld for NewMap, bSessionEnded=true, bCleanupResources=true
[2022.02.23-16.10.58:984][996]LogSlate: InvalidateAllWidgets triggered.  All widgets were invalidated
[2022.02.23-16.10.59:631][996]LogAudio: Display: Beginning Audio Device Manager Shutdown (Module: AudioMixerXAudio2)...
[2022.02.23-16.10.59:631][996]LogAudio: Display: Destroying 1 Remaining Audio Device(s)...
[2022.02.23-16.10.59:631][996]LogAudio: Display: Audio Device unregistered from world 'NewMap'.
[2022.02.23-16.10.59:654][996]LogAudioMixer: FMixerPlatformXAudio2::StopAudioStream() called
[2022.02.23-16.10.59:654][996]LogAudioMixer: FMixerPlatformXAudio2::StopAudioStream() called
[2022.02.23-16.10.59:655][996]LogAudio: Display: Audio Device Manager Shutdown
[2022.02.23-16.10.59:658][996]LogExit: Preparing to exit.
[2022.02.23-16.10.59:664][996]LogSlate: Updating window title bar state: overlay mode, drag disabled, window buttons hidden, title bar hidden
[2022.02.23-16.10.59:665][996]LogUObjectHash: Compacting FUObjectHashTables data took   0.61ms
[2022.02.23-16.10.59:961][996]LogMoviePlayer: Shutting down movie player
[2022.02.23-16.11.00:136][996]LogDemo: Cleaned up 0 splitscreen connections with owner deletion
[2022.02.23-16.11.00:139][996]LogExit: Game engine shut down
[2022.02.23-16.11.00:168][996]LogExit: Object subsystem successfully closed.
[2022.02.23-16.11.00:178][996]LogShaderCompilers: Display: === FShaderJobCache stats ===
[2022.02.23-16.11.00:178][996]LogShaderCompilers: Display: Total job queries 0, among them cache hits 0 (0.00%)
[2022.02.23-16.11.00:178][996]LogShaderCompilers: Display: Tracking 0 distinct input hashes that result in 0 distinct outputs (0.00%)
[2022.02.23-16.11.00:178][996]LogShaderCompilers: Display: RAM used: 0.00 MB (0.00 GB) of 1638.40 MB (1.60 GB) budget. Usage: 0.00%
[2022.02.23-16.11.00:178][996]LogShaderCompilers: Display: ================================================
[2022.02.23-16.11.00:188][996]LogShaderCompilers: Display: Shaders left to compile 0
[2022.02.23-16.11.00:203][996]LogModuleManager: Shutting down and abandoning module SequenceRecorderSections (558)
[2022.02.23-16.11.00:203][996]LogModuleManager: Shutting down and abandoning module SequenceRecorder (556)
[2022.02.23-16.11.00:203][996]LogModuleManager: Shutting down and abandoning module AutomationController (554)
[2022.02.23-16.11.00:203][996]LogModuleManager: Shutting down and abandoning module AutomationWorker (552)
[2022.02.23-16.11.00:203][996]LogModuleManager: Shutting down and abandoning module Voice (550)
[2022.02.23-16.11.00:203][996]LogModuleManager: Shutting down and abandoning module AIModule (548)
[2022.02.23-16.11.00:203][996]LogModuleManager: Shutting down and abandoning module GameplayDebugger (547)
[2022.02.23-16.11.00:203][996]LogModuleManager: Shutting down and abandoning module AITestSuite (545)
[2022.02.23-16.11.00:203][996]LogModuleManager: Shutting down and abandoning module NavigationSystem (543)
[2022.02.23-16.11.00:203][996]LogModuleManager: Shutting down and abandoning module SteamVREditor (540)
[2022.02.23-16.11.00:203][996]LogModuleManager: Shutting down and abandoning module ToolMenus (539)
[2022.02.23-16.11.00:203][996]LogModuleManager: Shutting down and abandoning module OculusMR (536)
[2022.02.23-16.11.00:203][996]LogModuleManager: Shutting down and abandoning module TakeRecorderSources (534)
[2022.02.23-16.11.00:203][996]LogModuleManager: Shutting down and abandoning module TakeRecorder (533)
[2022.02.23-16.11.00:203][996]LogModuleManager: Shutting down and abandoning module TakeTrackRecorders (530)
[2022.02.23-16.11.00:203][996]LogModuleManager: Shutting down and abandoning module TakesCore (528)
[2022.02.23-16.11.00:203][996]LogModuleManager: Shutting down and abandoning module OpenXRInput (526)
[2022.02.23-16.11.00:203][996]LogModuleManager: Shutting down and abandoning module WmfMediaFactory (524)
[2022.02.23-16.11.00:203][996]LogModuleManager: Shutting down and abandoning module WebMMediaFactory (522)
[2022.02.23-16.11.00:203][996]LogModuleManager: Shutting down and abandoning module WebMMedia (520)
[2022.02.23-16.11.00:203][996]LogModuleManager: Shutting down and abandoning module PlanarCut (518)
[2022.02.23-16.11.00:203][996]LogModuleManager: Shutting down and abandoning module OpenExrWrapper (516)
[2022.02.23-16.11.00:203][996]LogModuleManager: Shutting down and abandoning module ImgMediaFactory (514)
[2022.02.23-16.11.00:203][996]LogModuleManager: Shutting down and abandoning module AvfMediaFactory (512)
[2022.02.23-16.11.00:203][996]LogModuleManager: Shutting down and abandoning module MagicLeapMediaCodecFactory (510)
[2022.02.23-16.11.00:203][996]LogModuleManager: Shutting down and abandoning module MagicLeapMediaFactory (508)
[2022.02.23-16.11.00:203][996]LogModuleManager: Shutting down and abandoning module CharacterAI (506)
[2022.02.23-16.11.00:203][996]LogModuleManager: Shutting down and abandoning module SessionServices (504)
[2022.02.23-16.11.00:203][996]LogModuleManager: Shutting down and abandoning module MovieSceneCapture (502)
[2022.02.23-16.11.00:203][996]LogModuleManager: Shutting down and abandoning module LiveCoding (500)
[2022.02.23-16.11.00:203][996]LogModuleManager: Shutting down and abandoning module LevelSequence (498)
[2022.02.23-16.11.00:203][996]LogModuleManager: Shutting down and abandoning module MovieSceneTracks (496)
[2022.02.23-16.11.00:203][996]LogModuleManager: Shutting down and abandoning module MovieScene (494)
[2022.02.23-16.11.00:203][996]LogModuleManager: Shutting down and abandoning module StreamingPauseRendering (492)
[2022.02.23-16.11.00:203][996]LogModuleManager: Shutting down and abandoning module PortalServices (490)
[2022.02.23-16.11.00:203][996]LogModuleManager: Shutting down and abandoning module PortalRpc (488)
[2022.02.23-16.11.00:203][996]LogModuleManager: Shutting down and abandoning module MessagingRpc (486)
[2022.02.23-16.11.00:203][996]LogModuleManager: Shutting down and abandoning module AudioMixerXAudio2 (484)
[2022.02.23-16.11.00:203][996]LogModuleManager: Shutting down and abandoning module AudioMixerCore (483)
[2022.02.23-16.11.00:203][996]LogModuleManager: Shutting down and abandoning module ImageWriteQueue (480)
[2022.02.23-16.11.00:206][996]LogModuleManager: Shutting down and abandoning module ProfilerService (478)
[2022.02.23-16.11.00:292][996]LogModuleManager: Shutting down and abandoning module TaskGraph (476)
[2022.02.23-16.11.00:292][996]LogModuleManager: Shutting down and abandoning module OculusInput (474)
[2022.02.23-16.11.00:292][996]LogModuleManager: Shutting down and abandoning module Synthesis (472)
[2022.02.23-16.11.00:292][996]LogModuleManager: Shutting down and abandoning module ProceduralMeshComponent (470)
[2022.02.23-16.11.00:292][996]LogModuleManager: Shutting down and abandoning module TakeMovieScene (468)
[2022.02.23-16.11.00:292][996]LogModuleManager: Shutting down and abandoning module MobilePatchingUtils (466)
[2022.02.23-16.11.00:292][996]LogModuleManager: Shutting down and abandoning module GooglePAD (464)
[2022.02.23-16.11.00:292][996]LogModuleManager: Shutting down and abandoning module EditableMesh (462)
[2022.02.23-16.11.00:292][996]LogModuleManager: Shutting down and abandoning module CustomMeshComponent (460)
[2022.02.23-16.11.00:292][996]LogModuleManager: Shutting down and abandoning module CableComponent (458)
[2022.02.23-16.11.00:292][996]LogModuleManager: Shutting down and abandoning module AudioCapture (456)
[2022.02.23-16.11.00:292][996]LogModuleManager: Shutting down and abandoning module AudioCaptureRtAudio (455)
[2022.02.23-16.11.00:292][996]LogModuleManager: Shutting down and abandoning module AssetTags (452)
[2022.02.23-16.11.00:292][996]LogModuleManager: Shutting down and abandoning module ArchVisCharacter (450)
[2022.02.23-16.11.00:292][996]LogModuleManager: Shutting down and abandoning module AppleImageUtilsBlueprintSupport (448)
[2022.02.23-16.11.00:292][996]LogModuleManager: Shutting down and abandoning module AppleImageUtils (446)
[2022.02.23-16.11.00:292][996]LogModuleManager: Shutting down and abandoning module AndroidPermission (444)
[2022.02.23-16.11.00:292][996]LogModuleManager: Shutting down and abandoning module ActorLayerUtilities (442)
[2022.02.23-16.11.00:292][996]LogModuleManager: Shutting down and abandoning module TemplateSequence (440)
[2022.02.23-16.11.00:292][996]LogModuleManager: Shutting down and abandoning module OpenImageDenoise (438)
[2022.02.23-16.11.00:292][996]LogOpenImageDenoise: OIDN shutting down
[2022.02.23-16.11.00:292][996]LogModuleManager: Shutting down and abandoning module MotoSynth (436)
[2022.02.23-16.11.00:292][996]LogModuleManager: Shutting down and abandoning module MediaCompositing (434)
[2022.02.23-16.11.00:292][996]LogModuleManager: Shutting down and abandoning module ImgMedia (432)
[2022.02.23-16.11.00:292][996]LogModuleManager: Shutting down and abandoning module MeshConversion (430)
[2022.02.23-16.11.00:292][996]LogModuleManager: Shutting down and abandoning module DynamicMesh (428)
[2022.02.23-16.11.00:292][996]LogModuleManager: Shutting down and abandoning module GeometryAlgorithms (426)
[2022.02.23-16.11.00:292][996]LogModuleManager: Shutting down and abandoning module GeometricObjects (424)
[2022.02.23-16.11.00:292][996]LogModuleManager: Shutting down and abandoning module MagicLeapSharedWorld (422)
[2022.02.23-16.11.00:292][996]LogModuleManager: Shutting down and abandoning module MagicLeapLightEstimation (420)
[2022.02.23-16.11.00:292][996]LogModuleManager: Shutting down and abandoning module MagicLeapHelperVulkan (418)
[2022.02.23-16.11.00:292][996]LogModuleManager: Shutting down and abandoning module MagicLeapHelperOpenGL (416)
[2022.02.23-16.11.00:292][996]LogModuleManager: Shutting down and abandoning module MagicLeapAudio (414)
[2022.02.23-16.11.00:293][996]LogModuleManager: Shutting down and abandoning module GeometryCollectionTracks (412)
[2022.02.23-16.11.00:293][996]LogModuleManager: Shutting down and abandoning module GeometryCollectionSequencer (411)
[2022.02.23-16.11.00:293][996]LogModuleManager: Shutting down and abandoning module GeometryCacheTracks (408)
[2022.02.23-16.11.00:293][996]LogModuleManager: Shutting down and abandoning module GeometryCacheSequencer (407)
[2022.02.23-16.11.00:293][996]LogModuleManager: Shutting down and abandoning module GeometryCache (404)
[2022.02.23-16.11.00:293][996]LogModuleManager: Shutting down and abandoning module GeometryCacheEd (403)
[2022.02.23-16.11.00:293][996]LogModuleManager: Shutting down and abandoning module ChaosNiagara (400)
[2022.02.23-16.11.00:293][996]LogModuleManager: Shutting down and abandoning module FieldSystemEngine (399)
[2022.02.23-16.11.00:293][996]LogModuleManager: Shutting down and abandoning module AutomationUtils (396)
[2022.02.23-16.11.00:293][996]LogModuleManager: Shutting down and abandoning module BackChannel (394)
[2022.02.23-16.11.00:293][996]LogModuleManager: Shutting down and abandoning module VisualStudioSourceCodeAccess (392)
[2022.02.23-16.11.00:293][996]LogModuleManager: Shutting down and abandoning module HotReload (391)
[2022.02.23-16.11.00:293][996]LogModuleManager: Shutting down and abandoning module VisualStudioCodeSourceCodeAccess (388)
[2022.02.23-16.11.00:293][996]LogModuleManager: Shutting down and abandoning module UObjectPlugin (386)
[2022.02.23-16.11.00:293][996]LogModuleManager: Shutting down and abandoning module SubversionSourceControl (384)
[2022.02.23-16.11.00:293][996]LogModuleManager: Shutting down and abandoning module PerforceSourceControl (382)
[2022.02.23-16.11.00:293][996]LogModuleManager: Shutting down and abandoning module SourceControl (381)
[2022.02.23-16.11.00:293][996]LogModuleManager: Shutting down and abandoning module CLionSourceCodeAccess (378)
[2022.02.23-16.11.00:293][996]LogModuleManager: Shutting down and abandoning module OodleNetworkHandlerComponent (376)
[2022.02.23-16.11.00:293][996]LogModuleManager: Shutting down and abandoning module LiveLinkSequencer (374)
[2022.02.23-16.11.00:293][996]LogModuleManager: Shutting down and abandoning module LiveLinkMovieScene (372)
[2022.02.23-16.11.00:293][996]LogModuleManager: Shutting down and abandoning module LiveLinkGraphNode (370)
[2022.02.23-16.11.00:293][996]LogModuleManager: Shutting down and abandoning module LiveLinkComponents (368)
[2022.02.23-16.11.00:293][996]LogModuleManager: Shutting down and abandoning module LiveLink (366)
[2022.02.23-16.11.00:331][996]LogModuleManager: Shutting down and abandoning module GameplayCameras (364)
[2022.02.23-16.11.00:331][996]LogModuleManager: Shutting down and abandoning module SoundFields (362)
[2022.02.23-16.11.00:331][996]LogModuleManager: Shutting down and abandoning module SignificanceManager (360)
[2022.02.23-16.11.00:331][996]LogModuleManager: Shutting down and abandoning module RuntimePhysXCooking (358)
[2022.02.23-16.11.00:331][996]LogModuleManager: Shutting down and abandoning module PropertyAccessEditor (356)
[2022.02.23-16.11.00:331][996]LogModuleManager: Shutting down and abandoning module PhysXVehiclesEditor (354)
[2022.02.23-16.11.00:331][996]LogModuleManager: Shutting down and abandoning module LocationServicesBPLibrary (350)
[2022.02.23-16.11.00:331][996]LogModuleManager: Shutting down and abandoning module AudioSynesthesia (348)
[2022.02.23-16.11.00:331][996]LogModuleManager: Shutting down and abandoning module AudioSynesthesiaCore (346)
[2022.02.23-16.11.00:331][996]LogModuleManager: Shutting down and abandoning module ActorSequence (344)
[2022.02.23-16.11.00:331][996]LogModuleManager: Shutting down and abandoning module PythonScriptPlugin (342)
[2022.02.23-16.11.00:331][996]LogModuleManager: Shutting down and abandoning module ImgMediaEngine (340)
[2022.02.23-16.11.00:331][996]LogModuleManager: Shutting down and abandoning module UdpMessaging (338)
[2022.02.23-16.11.00:433][996]LogModuleManager: Shutting down and abandoning module TcpMessaging (336)
[2022.02.23-16.11.00:960][996]LogModuleManager: Shutting down and abandoning module MagicLeapARPin (334)
[2022.02.23-16.11.00:960][996]LogModuleManager: Shutting down and abandoning module MagicLeapHandMeshing (332)
[2022.02.23-16.11.00:960][996]LogModuleManager: Shutting down and abandoning module MagicLeapSecureStorage (330)
[2022.02.23-16.11.00:960][996]LogModuleManager: Shutting down and abandoning module MagicLeapPrivileges (328)
[2022.02.23-16.11.00:960][996]LogModuleManager: Shutting down and abandoning module MagicLeapPlanes (326)
[2022.02.23-16.11.00:960][996]LogMagicLeapPlanes: Planes tracker already destroyed.
[2022.02.23-16.11.00:960][996]LogModuleManager: Shutting down and abandoning module MagicLeapImageTracker (324)
[2022.02.23-16.11.00:960][996]LogModuleManager: Shutting down and abandoning module MagicLeapIdentity (322)
[2022.02.23-16.11.00:960][996]LogModuleManager: Shutting down and abandoning module MagicLeapHandTracking (320)
[2022.02.23-16.11.00:960][996]LogModuleManager: Shutting down and abandoning module MagicLeapEyeTracker (318)
[2022.02.23-16.11.00:960][996]LogModuleManager: Shutting down and abandoning module MagicLeapController (316)
[2022.02.23-16.11.00:960][996]LogModuleManager: Shutting down and abandoning module MagicLeapARPinImpl (314)
[2022.02.23-16.11.00:960][996]LogModuleManager: Shutting down and abandoning module MagicLeapAR (312)
[2022.02.23-16.11.00:960][996]LogModuleManager: Shutting down and abandoning module NiagaraAnimNotifies (310)
[2022.02.23-16.11.00:960][996]LogModuleManager: Shutting down and abandoning module Niagara (308)
[2022.02.23-16.11.00:960][996]LogModuleManager: Shutting down and abandoning module SignalProcessing (307)
[2022.02.23-16.11.00:960][996]LogModuleManager: Shutting down and abandoning module NiagaraEditor (305)
[2022.02.23-16.11.00:961][996]LogModuleManager: Shutting down and abandoning module ContentBrowser (304)
[2022.02.23-16.11.00:961][996]LogModuleManager: Shutting down and abandoning module CollectionManager (303)
[2022.02.23-16.11.00:961][996]LogModuleManager: Shutting down and abandoning module DirectoryWatcher (302)
[2022.02.23-16.11.00:961][996]LogModuleManager: Shutting down and abandoning module ContentBrowserData (299)
[2022.02.23-16.11.00:961][996]LogModuleManager: Shutting down and abandoning module NiagaraCore (294)
[2022.02.23-16.11.00:961][996]LogModuleManager: Shutting down and abandoning module GameplayTagsEditor (292)
[2022.02.23-16.11.00:961][996]LogModuleManager: Shutting down and abandoning module FacialAnimation (290)
[2022.02.23-16.11.00:961][996]LogModuleManager: Shutting down and abandoning module AssetManagerEditor (288)
[2022.02.23-16.11.00:961][996]LogModuleManager: Shutting down and abandoning module TreeMap (287)
[2022.02.23-16.11.00:961][996]LogModuleManager: Shutting down and abandoning module PropertyAccessNode (284)
[2022.02.23-16.11.00:961][996]LogModuleManager: Shutting down and abandoning module AnimationSharing (282)
[2022.02.23-16.11.00:961][996]LogModuleManager: Shutting down and abandoning module LightPropagationVolumeRuntime (280)
[2022.02.23-16.11.00:961][996]LogModuleManager: Shutting down and abandoning module EnvironmentQueryEditor (278)
[2022.02.23-16.11.00:961][996]LogModuleManager: Shutting down and abandoning module Paper2D (276)
[2022.02.23-16.11.00:961][996]LogModuleManager: Shutting down and abandoning module WindowsMoviePlayer (274)
[2022.02.23-16.11.00:961][996]LogModuleManager: Shutting down and abandoning module WebMMoviePlayer (272)
[2022.02.23-16.11.00:961][996]LogModuleManager: Shutting down and abandoning module NetworkReplayStreaming (270)
[2022.02.23-16.11.00:961][996]LogModuleManager: Shutting down and abandoning module PacketHandler (268)
[2022.02.23-16.11.00:961][996]LogModuleManager: Shutting down and abandoning module ClothingSystemEditor (266)
[2022.02.23-16.11.00:961][996]LogModuleManager: Shutting down and abandoning module ClothingSystemRuntimeNv (264)
[2022.02.23-16.11.00:961][996]LogModuleManager: Shutting down and abandoning module MediaAssets (262)
[2022.02.23-16.11.00:961][996]LogModuleManager: Shutting down and abandoning module Overlay (260)
[2022.02.23-16.11.00:961][996]LogModuleManager: Shutting down and abandoning module OverlayEditor (259)
[2022.02.23-16.11.00:961][996]LogModuleManager: Shutting down and abandoning module VREditor (256)
[2022.02.23-16.11.00:961][996]LogModuleManager: Shutting down and abandoning module StringTableEditor (254)
[2022.02.23-16.11.00:961][996]LogModuleManager: Shutting down and abandoning module GameplayTasksEditor (252)
[2022.02.23-16.11.00:961][996]LogModuleManager: Shutting down and abandoning module BehaviorTreeEditor (250)
[2022.02.23-16.11.00:961][996]LogModuleManager: Shutting down and abandoning module FunctionalTesting (248)
[2022.02.23-16.11.00:961][996]LogModuleManager: Shutting down and abandoning module CollisionAnalyzer (246)
[2022.02.23-16.11.00:961][996]LogModuleManager: Shutting down and abandoning module WorkspaceMenuStructure (245)
[2022.02.23-16.11.00:961][996]LogModuleManager: Shutting down and abandoning module UMG (242)
[2022.02.23-16.11.00:961][996]LogModuleManager: Shutting down and abandoning module UMGEditor (241)
[2022.02.23-16.11.00:961][996]LogModuleManager: Shutting down and abandoning module Sequencer (240)
[2022.02.23-16.11.00:961][996]LogModuleManager: Shutting down and abandoning module MessageLog (237)
[2022.02.23-16.11.00:962][996]LogModuleManager: Shutting down and abandoning module SlateReflector (232)
[2022.02.23-16.11.00:962][996]LogModuleManager: Shutting down and abandoning module Slate (230)
[2022.02.23-16.11.00:962][996]LogModuleManager: Shutting down and abandoning module SlateCore (228)
[2022.02.23-16.11.00:962][996]LogModuleManager: Shutting down and abandoning module LandscapeEditorUtilities (226)
[2022.02.23-16.11.00:962][996]LogModuleManager: Shutting down and abandoning module UnrealEd (224)
[2022.02.23-16.11.00:962][996]LogModuleManager: Shutting down and abandoning module MRMesh (222)
[2022.02.23-16.11.00:962][996]LogModuleManager: Shutting down and abandoning module Messaging (220)
[2022.02.23-16.11.00:962][996]LogModuleManager: Shutting down and abandoning module SourceCodeAccess (218)
[2022.02.23-16.11.00:962][996]LogModuleManager: Shutting down and abandoning module HeadMountedDisplay (216)
[2022.02.23-16.11.00:962][996]LogModuleManager: Shutting down and abandoning module XAudio2 (214)
[2022.02.23-16.11.00:962][996]LogModuleManager: Shutting down and abandoning module Networking (212)
[2022.02.23-16.11.00:962][996]LogModuleManager: Shutting down and abandoning module Core (210)
[2022.02.23-16.11.00:962][996]LogModuleManager: Shutting down and abandoning module MaterialEditor (208)
[2022.02.23-16.11.00:962][996]LogModuleManager: Shutting down and abandoning module MovieSceneTools (206)
[2022.02.23-16.11.00:962][996]LogModuleManager: Shutting down and abandoning module EditorStyle (205)
[2022.02.23-16.11.00:963][996]LogModuleManager: Shutting down and abandoning module KismetCompiler (202)
[2022.02.23-16.11.00:963][996]LogModuleManager: Shutting down and abandoning module MeshBuilder (200)
[2022.02.23-16.11.00:963][996]LogModuleManager: Shutting down and abandoning module MeshUtilities (198)
[2022.02.23-16.11.00:963][996]LogModuleManager: Shutting down and abandoning module MeshMergeUtilities (197)
[2022.02.23-16.11.00:963][996]LogModuleManager: Shutting down and abandoning module MeshReductionInterface (196)
[2022.02.23-16.11.00:963][996]LogModuleManager: Shutting down and abandoning module MeshBoneReduction (195)
[2022.02.23-16.11.00:963][996]LogModuleManager: Shutting down and abandoning module SkeletalMeshReduction (193)
[2022.02.23-16.11.00:963][996]LogModuleManager: Shutting down and abandoning module ProxyLODMeshReduction (191)
[2022.02.23-16.11.00:963][996]LogModuleManager: Shutting down and abandoning module QuadricMeshReduction (189)
[2022.02.23-16.11.00:963][996]LogModuleManager: Shutting down and abandoning module MaterialBaking (185)
[2022.02.23-16.11.00:963][996]LogModuleManager: Shutting down and abandoning module NullInstallBundleManager (180)
[2022.02.23-16.11.00:963][996]LogModuleManager: Shutting down and abandoning module PIEPreviewDeviceProfileSelector (178)
[2022.02.23-16.11.00:963][996]LogModuleManager: Shutting down and abandoning module DerivedDataCache (176)
[2022.02.23-16.11.00:963][996]LogModuleManager: Shutting down and abandoning module TargetPlatform (174)
[2022.02.23-16.11.00:963][996]LogModuleManager: Shutting down and abandoning module VulkanShaderFormat (173)
[2022.02.23-16.11.00:963][996]LogModuleManager: Shutting down and abandoning module ShaderFormatVectorVM (171)
[2022.02.23-16.11.00:963][996]LogModuleManager: Shutting down and abandoning module ShaderFormatOpenGL (169)
[2022.02.23-16.11.00:963][996]LogModuleManager: Shutting down and abandoning module ShaderFormatD3D (167)
[2022.02.23-16.11.00:963][996]LogModuleManager: Shutting down and abandoning module MetalShaderFormat (165)
[2022.02.23-16.11.00:963][996]LogModuleManager: Shutting down and abandoning module TextureFormatOodle (163)
[2022.02.23-16.11.00:963][996]LogModuleManager: Shutting down and abandoning module TextureFormatUncompressed (161)
[2022.02.23-16.11.00:963][996]LogModuleManager: Shutting down and abandoning module TextureFormatPVR (159)
[2022.02.23-16.11.00:963][996]LogModuleManager: Shutting down and abandoning module TextureFormatETC2 (157)
[2022.02.23-16.11.00:963][996]LogModuleManager: Shutting down and abandoning module TextureFormatDXT (155)
[2022.02.23-16.11.00:964][996]LogModuleManager: Shutting down and abandoning module TextureFormatIntelISPCTexComp (153)
[2022.02.23-16.11.00:964][996]LogModuleManager: Shutting down and abandoning module TextureFormatASTC (151)
[2022.02.23-16.11.00:964][996]LogModuleManager: Shutting down and abandoning module ImageWrapper (150)
[2022.02.23-16.11.00:964][996]LogModuleManager: Shutting down and abandoning module AudioFormatOpus (147)
[2022.02.23-16.11.00:964][996]LogModuleManager: Shutting down and abandoning module AudioFormatOgg (145)
[2022.02.23-16.11.00:964][996]LogModuleManager: Shutting down and abandoning module AudioFormatADPCM (143)
[2022.02.23-16.11.00:964][996]LogModuleManager: Shutting down and abandoning module WindowsServerTargetPlatform (141)
[2022.02.23-16.11.00:964][996]LogModuleManager: Shutting down and abandoning module WindowsClientTargetPlatform (139)
[2022.02.23-16.11.00:964][996]LogModuleManager: Shutting down and abandoning module WindowsTargetPlatform (137)
[2022.02.23-16.11.00:964][996]LogModuleManager: Shutting down and abandoning module WindowsNoEditorTargetPlatform (135)
[2022.02.23-16.11.00:964][996]LogModuleManager: Shutting down and abandoning module D3D11RHI (132)
[2022.02.23-16.11.00:964][996]LogModuleManager: Shutting down and abandoning module InputCore (130)
[2022.02.23-16.11.00:964][996]LogModuleManager: Shutting down and abandoning module Settings (128)
[2022.02.23-16.11.00:964][996]LogModuleManager: Shutting down and abandoning module PhysXCooking (126)
[2022.02.23-16.11.00:964][996]LogModuleManager: Shutting down and abandoning module Chaos (124)
[2022.02.23-16.11.00:964][996]LogModuleManager: Shutting down and abandoning module WindowsPlatformFeatures (122)
[2022.02.23-16.11.00:964][996]LogModuleManager: Shutting down and abandoning module GameplayMediaEncoder (121)
[2022.02.23-16.11.00:964][996]LogModuleManager: Shutting down and abandoning module AVEncoder (120)
[2022.02.23-16.11.00:964][996]LogModuleManager: Shutting down and abandoning module SteamVRInputDevice (116)
[2022.02.23-16.11.00:964][996]LogModuleManager: Shutting down and abandoning module SteamVRInput (114)
[2022.02.23-16.11.00:964][996]LogModuleManager: Shutting down and abandoning module SteamVR (112)
[2022.02.23-16.11.00:964][996]LogHMD: Freeing OpenVRDLLHandle.
[2022.02.23-16.11.00:964][996]LogModuleManager: Shutting down and abandoning module OculusHMD (110)
[2022.02.23-16.11.00:964][996]LogModuleManager: Shutting down and abandoning module OpenXRHandTracking (108)
[2022.02.23-16.11.00:964][996]LogSlate: Slate User Destroyed.  User Index 0, Is Virtual User: 0
[2022.02.23-16.11.00:964][996]LogModuleManager: Shutting down and abandoning module OpenXREyeTracker (106)
[2022.02.23-16.11.00:964][996]LogModuleManager: Shutting down and abandoning module OpenXRAR (104)
[2022.02.23-16.11.00:964][996]LogModuleManager: Shutting down and abandoning module AugmentedReality (103)
[2022.02.23-16.11.00:964][996]LogModuleManager: Shutting down and abandoning module OpenXRHMD (100)
[2022.02.23-16.11.00:964][996]LogModuleManager: Shutting down and abandoning module ExampleDeviceProfileSelector (98)
[2022.02.23-16.11.00:964][996]LogModuleManager: Shutting down and abandoning module ChunkDownloader (96)
[2022.02.23-16.11.00:964][996]LogModuleManager: Shutting down and abandoning module OnlineBlueprintSupport (94)
[2022.02.23-16.11.00:964][996]LogModuleManager: Shutting down and abandoning module OnlineSubsystem (90)
[2022.02.23-16.11.00:965][996]LogModuleManager: Shutting down and abandoning module XMPP (85)
[2022.02.23-16.11.00:965][996]LogModuleManager: Shutting down and abandoning module WebSockets (84)
[2022.02.23-16.11.00:978][996]LogModuleManager: Shutting down and abandoning module HTTP (81)
[2022.02.23-16.11.00:978][996]LogHttp: Display: cleaning up 0 outstanding Http requests.
[2022.02.23-16.11.00:999][996]LogModuleManager: Shutting down and abandoning module SSL (80)
[2022.02.23-16.11.01:000][996]LogModuleManager: Shutting down and abandoning module LauncherChunkInstaller (76)
[2022.02.23-16.11.01:000][996]LogModuleManager: Shutting down and abandoning module WmfMedia (74)
[2022.02.23-16.11.01:001][996]LogModuleManager: Shutting down and abandoning module Media (73)
[2022.02.23-16.11.01:001][996]LogModuleManager: Shutting down and abandoning module MediaInfo (72)
[2022.02.23-16.11.01:001][996]LogModuleManager: Shutting down and abandoning module ExrReaderGpu (68)
[2022.02.23-16.11.01:001][996]LogModuleManager: Shutting down and abandoning module MLSDK (66)
[2022.02.23-16.11.01:001][996]LogModuleManager: Shutting down and abandoning module MagicLeap (64)
[2022.02.23-16.11.01:001][996]LogModuleManager: Shutting down and abandoning module ChaosCloth (62)
[2022.02.23-16.11.01:001][996]LogModuleManager: Shutting down and abandoning module VariantManagerContent (60)
[2022.02.23-16.11.01:001][996]LogModuleManager: Shutting down and abandoning module DatasmithContent (58)
[2022.02.23-16.11.01:002][996]LogModuleManager: Shutting down and abandoning module NiagaraVertexFactories (56)
[2022.02.23-16.11.01:002][996]LogModuleManager: Shutting down and abandoning module NiagaraShader (54)
[2022.02.23-16.11.01:002][996]LogModuleManager: Shutting down and abandoning module PixWinPlugin (52)
[2022.02.23-16.11.01:002][996]LogModuleManager: Shutting down and abandoning module AISupportModule (50)
[2022.02.23-16.11.01:002][996]LogModuleManager: Shutting down and abandoning module DesktopPlatform (48)
[2022.02.23-16.11.01:002][996]LogModuleManager: Shutting down and abandoning module PythonScriptPluginPreload (46)
[2022.02.23-16.11.01:002][996]LogModuleManager: Shutting down and abandoning module PlatformCryptoOpenSSL (44)
[2022.02.23-16.11.01:002][996]LogModuleManager: Shutting down and abandoning module PlatformCryptoTypes (42)
[2022.02.23-16.11.01:002][996]LogModuleManager: Shutting down and abandoning module PlatformCrypto (40)
[2022.02.23-16.11.01:002][996]LogModuleManager: Shutting down and abandoning module OodleDataCompressionFormat (38)
[2022.02.23-16.11.01:002][996]LogModuleManager: Shutting down and abandoning module XGEController (36)
[2022.02.23-16.11.01:002][996]LogModuleManager: Shutting down and abandoning module AnimationModifiers (34)
[2022.02.23-16.11.01:002][996]LogModuleManager: Shutting down and abandoning module AudioEditor (32)
[2022.02.23-16.11.01:002][996]LogModuleManager: Shutting down and abandoning module PropertyEditor (31)
[2022.02.23-16.11.01:002][996]LogModuleManager: Shutting down and abandoning module TextureCompressor (28)
[2022.02.23-16.11.01:002][996]LogModuleManager: Shutting down and abandoning module RenderCore (26)
[2022.02.23-16.11.01:002][996]LogModuleManager: Shutting down and abandoning module Landscape (24)
[2022.02.23-16.11.01:002][996]LogModuleManager: Shutting down and abandoning module SlateRHIRenderer (22)
[2022.02.23-16.11.01:002][996]LogModuleManager: Shutting down and abandoning module AnimGraphRuntime (20)
[2022.02.23-16.11.01:002][996]LogModuleManager: Shutting down and abandoning module Renderer (18)
[2022.02.23-16.11.01:002][996]LogModuleManager: Shutting down and abandoning module Engine (16)
[2022.02.23-16.11.01:002][996]LogModuleManager: Shutting down and abandoning module CoreUObject (14)
[2022.02.23-16.11.01:002][996]LogModuleManager: Shutting down and abandoning module NetworkFile (12)
[2022.02.23-16.11.01:002][996]LogModuleManager: Shutting down and abandoning module CookedIterativeFile (10)
[2022.02.23-16.11.01:002][996]LogModuleManager: Shutting down and abandoning module StreamingFile (8)
[2022.02.23-16.11.01:002][996]LogModuleManager: Shutting down and abandoning module SandboxFile (6)
[2022.02.23-16.11.01:002][996]LogModuleManager: Shutting down and abandoning module PakFile (4)
[2022.02.23-16.11.01:002][996]LogModuleManager: Shutting down and abandoning module RSA (3)
[2022.02.23-16.11.01:415][996]LogContentStreaming: Display: There are 1 unreleased StreamingManagers
[2022.02.23-16.11.01:425][996]LogD3D11RHI: Shutdown
[2022.02.23-16.11.01:425][996]LogD3D11RHI: CleanupD3DDevice
[2022.02.23-16.11.01:426][996]LogExit: Exiting.
[2022.02.23-16.11.01:434][996]Log file closed, 02/23/22 17:11:01
